# JRE version: OpenJDK Runtime Environment (8.0_202-b03) (build 1.8.0_202-release-1483-b03)
# Java VM: OpenJDK 64-Bit Server VM (25.202-b03 mixed mode windows-amd64 compressed oops)
Heap:
 PSYoungGen      total 225792K, used 52736K [0x00000000e0000000, 0x00000000f1900000, 0x0000000100000000)
  eden space 205312K, 15% used [0x00000000e0000000,0x00000000e1f87458,0x00000000ec880000)
  from space 20480K, 99% used [0x00000000ec880000,0x00000000edc78bb8,0x00000000edc80000)
  to   space 24064K, 0% used [0x00000000f0180000,0x00000000f0180000,0x00000000f1900000)
 ParOldGen       total 123392K, used 38916K [0x00000000a0000000, 0x00000000a7880000, 0x00000000e0000000)
  object space 123392K, 31% used [0x00000000a0000000,0x00000000a26011e8,0x00000000a7880000)
 Metaspace       used 74235K, capacity 76860K, committed 77144K, reserved 1116160K
  class space    used 9683K, capacity 10245K, committed 10368K, reserved 1048576K
GC Heap History (10 events):
Event: 10.097 GC heap before
{Heap before GC invocations=12 (full 2):
 PSYoungGen      total 128000K, used 117248K [0x00000000e0000000, 0x00000000ec300000, 0x0000000100000000)
  eden space 117248K, 100% used [0x00000000e0000000,0x00000000e7280000,0x00000000e7280000)
  from space 10752K, 0% used [0x00000000e7280000,0x00000000e7280000,0x00000000e7d00000)
  to   space 11776K, 0% used [0x00000000eb780000,0x00000000eb780000,0x00000000ec300000)
 ParOldGen       total 78336K, used 16730K [0x00000000a0000000, 0x00000000a4c80000, 0x00000000e0000000)
  object space 78336K, 21% used [0x00000000a0000000,0x00000000a1056ac0,0x00000000a4c80000)
 Metaspace       used 45277K, capacity 46232K, committed 46552K, reserved 1089536K
  class space    used 6080K, capacity 6329K, committed 6400K, reserved 1048576K
Event: 10.112 GC heap after
Heap after GC invocations=12 (full 2):
 PSYoungGen      total 168448K, used 11747K [0x00000000e0000000, 0x00000000ec300000, 0x0000000100000000)
  eden space 156672K, 0% used [0x00000000e0000000,0x00000000e0000000,0x00000000e9900000)
  from space 11776K, 99% used [0x00000000eb780000,0x00000000ec2f8ef8,0x00000000ec300000)
  to   space 14336K, 0% used [0x00000000ea700000,0x00000000ea700000,0x00000000eb500000)
 ParOldGen       total 78336K, used 20248K [0x00000000a0000000, 0x00000000a4c80000, 0x00000000e0000000)
  object space 78336K, 25% used [0x00000000a0000000,0x00000000a13c6368,0x00000000a4c80000)
 Metaspace       used 45277K, capacity 46232K, committed 46552K, reserved 1089536K
  class space    used 6080K, capacity 6329K, committed 6400K, reserved 1048576K
}
Event: 12.127 GC heap before
{Heap before GC invocations=13 (full 2):
 PSYoungGen      total 168448K, used 151498K [0x00000000e0000000, 0x00000000ec300000, 0x0000000100000000)
  eden space 156672K, 89% used [0x00000000e0000000,0x00000000e8879b30,0x00000000e9900000)
  from space 11776K, 99% used [0x00000000eb780000,0x00000000ec2f8ef8,0x00000000ec300000)
  to   space 14336K, 0% used [0x00000000ea700000,0x00000000ea700000,0x00000000eb500000)
 ParOldGen       total 78336K, used 20248K [0x00000000a0000000, 0x00000000a4c80000, 0x00000000e0000000)
  object space 78336K, 25% used [0x00000000a0000000,0x00000000a13c6368,0x00000000a4c80000)
 Metaspace       used 57295K, capacity 58794K, committed 58968K, reserved 1099776K
  class space    used 7807K, capacity 8194K, committed 8320K, reserved 1048576K
Event: 12.152 GC heap after
Heap after GC invocations=13 (full 2):
 PSYoungGen      total 185344K, used 14324K [0x00000000e0000000, 0x00000000eef00000, 0x0000000100000000)
  eden space 171008K, 0% used [0x00000000e0000000,0x00000000e0000000,0x00000000ea700000)
  from space 14336K, 99% used [0x00000000ea700000,0x00000000eb4fd0f0,0x00000000eb500000)
  to   space 18944K, 0% used [0x00000000edc80000,0x00000000edc80000,0x00000000eef00000)
 ParOldGen       total 78336K, used 29305K [0x00000000a0000000, 0x00000000a4c80000, 0x00000000e0000000)
  object space 78336K, 37% used [0x00000000a0000000,0x00000000a1c9e5c8,0x00000000a4c80000)
 Metaspace       used 57295K, capacity 58794K, committed 58968K, reserved 1099776K
  class space    used 7807K, capacity 8194K, committed 8320K, reserved 1048576K
}
Event: 12.152 GC heap before
{Heap before GC invocations=14 (full 3):
 PSYoungGen      total 185344K, used 14324K [0x00000000e0000000, 0x00000000eef00000, 0x0000000100000000)
  eden space 171008K, 0% used [0x00000000e0000000,0x00000000e0000000,0x00000000ea700000)
  from space 14336K, 99% used [0x00000000ea700000,0x00000000eb4fd0f0,0x00000000eb500000)
  to   space 18944K, 0% used [0x00000000edc80000,0x00000000edc80000,0x00000000eef00000)
 ParOldGen       total 78336K, used 29305K [0x00000000a0000000, 0x00000000a4c80000, 0x00000000e0000000)
  object space 78336K, 37% used [0x00000000a0000000,0x00000000a1c9e5c8,0x00000000a4c80000)
 Metaspace       used 57295K, capacity 58794K, committed 58968K, reserved 1099776K
  class space    used 7807K, capacity 8194K, committed 8320K, reserved 1048576K
Event: 12.342 GC heap after
Heap after GC invocations=14 (full 3):
 PSYoungGen      total 185344K, used 0K [0x00000000e0000000, 0x00000000eef00000, 0x0000000100000000)
  eden space 171008K, 0% used [0x00000000e0000000,0x00000000e0000000,0x00000000ea700000)
  from space 14336K, 0% used [0x00000000ea700000,0x00000000ea700000,0x00000000eb500000)
  to   space 18944K, 0% used [0x00000000edc80000,0x00000000edc80000,0x00000000eef00000)
 ParOldGen       total 123392K, used 37077K [0x00000000a0000000, 0x00000000a7880000, 0x00000000e0000000)
  object space 123392K, 30% used [0x00000000a0000000,0x00000000a24357c0,0x00000000a7880000)
 Metaspace       used 57295K, capacity 58794K, committed 58968K, reserved 1099776K
  class space    used 7807K, capacity 8194K, committed 8320K, reserved 1048576K
}
Event: 193.806 GC heap before
{Heap before GC invocations=15 (full 3):
 PSYoungGen      total 185344K, used 171008K [0x00000000e0000000, 0x00000000eef00000, 0x0000000100000000)
  eden space 171008K, 100% used [0x00000000e0000000,0x00000000ea700000,0x00000000ea700000)
  from space 14336K, 0% used [0x00000000ea700000,0x00000000ea700000,0x00000000eb500000)
  to   space 18944K, 0% used [0x00000000edc80000,0x00000000edc80000,0x00000000eef00000)
 ParOldGen       total 123392K, used 37077K [0x00000000a0000000, 0x00000000a7880000, 0x00000000e0000000)
  object space 123392K, 30% used [0x00000000a0000000,0x00000000a24357c0,0x00000000a7880000)
 Metaspace       used 67519K, capacity 69896K, committed 70232K, reserved 1110016K
  class space    used 8941K, capacity 9481K, committed 9600K, reserved 1048576K
Event: 193.830 GC heap after
Heap after GC invocations=15 (full 3):
 PSYoungGen      total 224256K, used 15461K [0x00000000e0000000, 0x00000000ef080000, 0x0000000100000000)
  eden space 205312K, 0% used [0x00000000e0000000,0x00000000e0000000,0x00000000ec880000)
  from space 18944K, 81% used [0x00000000edc80000,0x00000000eeb99428,0x00000000eef00000)
  to   space 20480K, 0% used [0x00000000ec880000,0x00000000ec880000,0x00000000edc80000)
 ParOldGen       total 123392K, used 37085K [0x00000000a0000000, 0x00000000a7880000, 0x00000000e0000000)
  object space 123392K, 30% used [0x00000000a0000000,0x00000000a24377c0,0x00000000a7880000)
 Metaspace       used 67519K, capacity 69896K, committed 70232K, reserved 1110016K
  class space    used 8941K, capacity 9481K, committed 9600K, reserved 1048576K
}
Event: 219.024 GC heap before
{Heap before GC invocations=16 (full 3):
 PSYoungGen      total 224256K, used 220773K [0x00000000e0000000, 0x00000000ef080000, 0x0000000100000000)
  eden space 205312K, 100% used [0x00000000e0000000,0x00000000ec880000,0x00000000ec880000)
  from space 18944K, 81% used [0x00000000edc80000,0x00000000eeb99428,0x00000000eef00000)
  to   space 20480K, 0% used [0x00000000ec880000,0x00000000ec880000,0x00000000edc80000)
 ParOldGen       total 123392K, used 37085K [0x00000000a0000000, 0x00000000a7880000, 0x00000000e0000000)
  object space 123392K, 30% used [0x00000000a0000000,0x00000000a24377c0,0x00000000a7880000)
 Metaspace       used 74212K, capacity 76732K, committed 76888K, reserved 1116160K
  class space    used 9683K, capacity 10245K, committed 10368K, reserved 1048576K
Event: 219.058 GC heap after
Heap after GC invocations=16 (full 3):
 PSYoungGen      total 225792K, used 20450K [0x00000000e0000000, 0x00000000f1900000, 0x0000000100000000)
  eden space 205312K, 0% used [0x00000000e0000000,0x00000000e0000000,0x00000000ec880000)
  from space 20480K, 99% used [0x00000000ec880000,0x00000000edc78bb8,0x00000000edc80000)
  to   space 24064K, 0% used [0x00000000f0180000,0x00000000f0180000,0x00000000f1900000)
 ParOldGen       total 123392K, used 38916K [0x00000000a0000000, 0x00000000a7880000, 0x00000000e0000000)
  object space 123392K, 31% used [0x00000000a0000000,0x00000000a26011e8,0x00000000a7880000)
 Metaspace       used 74212K, capacity 76732K, committed 76888K, reserved 1116160K
  class space    used 9683K, capacity 10245K, committed 10368K, reserved 1048576K
}

