# JRE version: OpenJDK Runtime Environment (8.0_152-b01) (build 1.8.0_152-release-915-b01)
# Java VM: OpenJDK 64-Bit Server VM (25.152-b01 mixed mode windows-amd64 compressed oops)
Heap:
 PSYoungGen      total 222720K, used 190484K [0x00000000e0000000, 0x00000000f0580000, 0x0000000100000000)
  eden space 211968K, 84% used [0x00000000e0000000,0x00000000eafb6bc0,0x00000000ecf00000)
  from space 10752K, 98% used [0x00000000efb00000,0x00000000f054e810,0x00000000f0580000)
  to   space 25088K, 0% used [0x00000000ed480000,0x00000000ed480000,0x00000000eed00000)
 ParOldGen       total 164864K, used 48417K [0x00000000a0000000, 0x00000000aa100000, 0x00000000e0000000)
  object space 164864K, 29% used [0x00000000a0000000,0x00000000a2f48630,0x00000000aa100000)
 Metaspace       used 62396K, capacity 65606K, committed 65664K, reserved 1105920K
  class space    used 8275K, capacity 9061K, committed 9088K, reserved 1048576K
GC Heap History (10 events):
Event: 9.449 GC heap before
{Heap before GC invocations=11 (full 2):
 PSYoungGen      total 151552K, used 151518K [0x00000000e0000000, 0x00000000ea900000, 0x0000000100000000)
  eden space 140288K, 100% used [0x00000000e0000000,0x00000000e8900000,0x00000000e8900000)
  from space 11264K, 99% used [0x00000000e9e00000,0x00000000ea8f7a10,0x00000000ea900000)
  to   space 13312K, 0% used [0x00000000e8f00000,0x00000000e8f00000,0x00000000e9c00000)
 ParOldGen       total 100864K, used 16352K [0x00000000a0000000, 0x00000000a6280000, 0x00000000e0000000)
  object space 100864K, 16% used [0x00000000a0000000,0x00000000a0ff8060,0x00000000a6280000)
 Metaspace       used 51840K, capacity 53542K, committed 53632K, reserved 1095680K
  class space    used 7020K, capacity 7497K, committed 7552K, reserved 1048576K
Event: 9.499 GC heap after
Heap after GC invocations=11 (full 2):
 PSYoungGen      total 159744K, used 13297K [0x00000000e0000000, 0x00000000ed100000, 0x0000000100000000)
  eden space 146432K, 0% used [0x00000000e0000000,0x00000000e0000000,0x00000000e8f00000)
  from space 13312K, 99% used [0x00000000e8f00000,0x00000000e9bfc5b8,0x00000000e9c00000)
  to   space 16896K, 0% used [0x00000000ec080000,0x00000000ec080000,0x00000000ed100000)
 ParOldGen       total 100864K, used 21314K [0x00000000a0000000, 0x00000000a6280000, 0x00000000e0000000)
  object space 100864K, 21% used [0x00000000a0000000,0x00000000a14d0ab8,0x00000000a6280000)
 Metaspace       used 51840K, capacity 53542K, committed 53632K, reserved 1095680K
  class space    used 7020K, capacity 7497K, committed 7552K, reserved 1048576K
}
Event: 10.599 GC heap before
{Heap before GC invocations=12 (full 2):
 PSYoungGen      total 159744K, used 159729K [0x00000000e0000000, 0x00000000ed100000, 0x0000000100000000)
  eden space 146432K, 100% used [0x00000000e0000000,0x00000000e8f00000,0x00000000e8f00000)
  from space 13312K, 99% used [0x00000000e8f00000,0x00000000e9bfc5b8,0x00000000e9c00000)
  to   space 16896K, 0% used [0x00000000ec080000,0x00000000ec080000,0x00000000ed100000)
 ParOldGen       total 100864K, used 21314K [0x00000000a0000000, 0x00000000a6280000, 0x00000000e0000000)
  object space 100864K, 21% used [0x00000000a0000000,0x00000000a14d0ab8,0x00000000a6280000)
 Metaspace       used 54610K, capacity 56728K, committed 56960K, reserved 1097728K
  class space    used 7496K, capacity 8043K, committed 8064K, reserved 1048576K
Event: 10.634 GC heap after
Heap after GC invocations=12 (full 2):
 PSYoungGen      total 189952K, used 16893K [0x00000000e0000000, 0x00000000eec80000, 0x0000000100000000)
  eden space 173056K, 0% used [0x00000000e0000000,0x00000000e0000000,0x00000000ea900000)
  from space 16896K, 99% used [0x00000000ec080000,0x00000000ed0ff4e0,0x00000000ed100000)
  to   space 24064K, 0% used [0x00000000ea900000,0x00000000ea900000,0x00000000ec080000)
 ParOldGen       total 100864K, used 35318K [0x00000000a0000000, 0x00000000a6280000, 0x00000000e0000000)
  object space 100864K, 35% used [0x00000000a0000000,0x00000000a227da78,0x00000000a6280000)
 Metaspace       used 54610K, capacity 56728K, committed 56960K, reserved 1097728K
  class space    used 7496K, capacity 8043K, committed 8064K, reserved 1048576K
}
Event: 11.732 GC heap before
{Heap before GC invocations=13 (full 2):
 PSYoungGen      total 189952K, used 66674K [0x00000000e0000000, 0x00000000eec80000, 0x0000000100000000)
  eden space 173056K, 28% used [0x00000000e0000000,0x00000000e309d718,0x00000000ea900000)
  from space 16896K, 99% used [0x00000000ec080000,0x00000000ed0ff4e0,0x00000000ed100000)
  to   space 24064K, 0% used [0x00000000ea900000,0x00000000ea900000,0x00000000ec080000)
 ParOldGen       total 100864K, used 35318K [0x00000000a0000000, 0x00000000a6280000, 0x00000000e0000000)
  object space 100864K, 35% used [0x00000000a0000000,0x00000000a227da78,0x00000000a6280000)
 Metaspace       used 56547K, capacity 58958K, committed 59008K, reserved 1099776K
  class space    used 7713K, capacity 8301K, committed 8320K, reserved 1048576K
Event: 11.758 GC heap after
Heap after GC invocations=13 (full 2):
 PSYoungGen      total 197120K, used 20730K [0x00000000e0000000, 0x00000000f1480000, 0x0000000100000000)
  eden space 173056K, 0% used [0x00000000e0000000,0x00000000e0000000,0x00000000ea900000)
  from space 24064K, 86% used [0x00000000ea900000,0x00000000ebd3e8c0,0x00000000ec080000)
  to   space 26112K, 0% used [0x00000000efb00000,0x00000000efb00000,0x00000000f1480000)
 ParOldGen       total 100864K, used 35318K [0x00000000a0000000, 0x00000000a6280000, 0x00000000e0000000)
  object space 100864K, 35% used [0x00000000a0000000,0x00000000a227da78,0x00000000a6280000)
 Metaspace       used 56547K, capacity 58958K, committed 59008K, reserved 1099776K
  class space    used 7713K, capacity 8301K, committed 8320K, reserved 1048576K
}
Event: 11.758 GC heap before
{Heap before GC invocations=14 (full 3):
 PSYoungGen      total 197120K, used 20730K [0x00000000e0000000, 0x00000000f1480000, 0x0000000100000000)
  eden space 173056K, 0% used [0x00000000e0000000,0x00000000e0000000,0x00000000ea900000)
  from space 24064K, 86% used [0x00000000ea900000,0x00000000ebd3e8c0,0x00000000ec080000)
  to   space 26112K, 0% used [0x00000000efb00000,0x00000000efb00000,0x00000000f1480000)
 ParOldGen       total 100864K, used 35318K [0x00000000a0000000, 0x00000000a6280000, 0x00000000e0000000)
  object space 100864K, 35% used [0x00000000a0000000,0x00000000a227da78,0x00000000a6280000)
 Metaspace       used 56547K, capacity 58958K, committed 59008K, reserved 1099776K
  class space    used 7713K, capacity 8301K, committed 8320K, reserved 1048576K
Event: 12.002 GC heap after
Heap after GC invocations=14 (full 3):
 PSYoungGen      total 197120K, used 0K [0x00000000e0000000, 0x00000000f1480000, 0x0000000100000000)
  eden space 173056K, 0% used [0x00000000e0000000,0x00000000e0000000,0x00000000ea900000)
  from space 24064K, 0% used [0x00000000ea900000,0x00000000ea900000,0x00000000ec080000)
  to   space 26112K, 0% used [0x00000000efb00000,0x00000000efb00000,0x00000000f1480000)
 ParOldGen       total 164864K, used 48409K [0x00000000a0000000, 0x00000000aa100000, 0x00000000e0000000)
  object space 164864K, 29% used [0x00000000a0000000,0x00000000a2f46630,0x00000000aa100000)
 Metaspace       used 56547K, capacity 58958K, committed 59008K, reserved 1099776K
  class space    used 7713K, capacity 8301K, committed 8320K, reserved 1048576K
}
Event: 23.709 GC heap before
{Heap before GC invocations=15 (full 3):
 PSYoungGen      total 197120K, used 173056K [0x00000000e0000000, 0x00000000f1480000, 0x0000000100000000)
  eden space 173056K, 100% used [0x00000000e0000000,0x00000000ea900000,0x00000000ea900000)
  from space 24064K, 0% used [0x00000000ea900000,0x00000000ea900000,0x00000000ec080000)
  to   space 26112K, 0% used [0x00000000efb00000,0x00000000efb00000,0x00000000f1480000)
 ParOldGen       total 164864K, used 48409K [0x00000000a0000000, 0x00000000aa100000, 0x00000000e0000000)
  object space 164864K, 29% used [0x00000000a0000000,0x00000000a2f46630,0x00000000aa100000)
 Metaspace       used 61385K, capacity 64386K, committed 64512K, reserved 1105920K
  class space    used 8198K, capacity 8933K, committed 8960K, reserved 1048576K
Event: 23.720 GC heap after
Heap after GC invocations=15 (full 3):
 PSYoungGen      total 222720K, used 10554K [0x00000000e0000000, 0x00000000f0580000, 0x0000000100000000)
  eden space 211968K, 0% used [0x00000000e0000000,0x00000000e0000000,0x00000000ecf00000)
  from space 10752K, 98% used [0x00000000efb00000,0x00000000f054e810,0x00000000f0580000)
  to   space 25088K, 0% used [0x00000000ed480000,0x00000000ed480000,0x00000000eed00000)
 ParOldGen       total 164864K, used 48417K [0x00000000a0000000, 0x00000000aa100000, 0x00000000e0000000)
  object space 164864K, 29% used [0x00000000a0000000,0x00000000a2f48630,0x00000000aa100000)
 Metaspace       used 61385K, capacity 64386K, committed 64512K, reserved 1105920K
  class space    used 8198K, capacity 8933K, committed 8960K, reserved 1048576K
}

