# JRE version: OpenJDK Runtime Environment (8.0_202-b03) (build 1.8.0_202-release-1483-b03)
# Java VM: OpenJDK 64-Bit Server VM (25.202-b03 mixed mode windows-amd64 compressed oops)
Heap:
 PSYoungGen      total 184320K, used 132473K [0x00000000e0000000, 0x00000000ed000000, 0x0000000100000000)
  eden space 165888K, 79% used [0x00000000e0000000,0x00000000e815e600,0x00000000ea200000)
  from space 18432K, 0% used [0x00000000eb380000,0x00000000eb380000,0x00000000ec580000)
  to   space 17920K, 0% used [0x00000000ea200000,0x00000000ea200000,0x00000000eb380000)
 ParOldGen       total 140288K, used 32887K [0x00000000a0000000, 0x00000000a8900000, 0x00000000e0000000)
  object space 140288K, 23% used [0x00000000a0000000,0x00000000a201dc00,0x00000000a8900000)
 Metaspace       used 62062K, capacity 64342K, committed 64512K, reserved 1105920K
  class space    used 8457K, capacity 8948K, committed 8960K, reserved 1048576K
GC Heap History (10 events):
Event: 6.489 GC heap before
{Heap before GC invocations=11 (full 2):
 PSYoungGen      total 115200K, used 9254K [0x00000000e0000000, 0x00000000ea300000, 0x0000000100000000)
  eden space 103936K, 0% used [0x00000000e0000000,0x00000000e0000000,0x00000000e6580000)
  from space 11264K, 82% used [0x00000000e6580000,0x00000000e6e89948,0x00000000e7080000)
  to   space 11776K, 0% used [0x00000000e9780000,0x00000000e9780000,0x00000000ea300000)
 ParOldGen       total 59392K, used 8675K [0x00000000a0000000, 0x00000000a3a00000, 0x00000000e0000000)
  object space 59392K, 14% used [0x00000000a0000000,0x00000000a0878e70,0x00000000a3a00000)
 Metaspace       used 34416K, capacity 35384K, committed 35456K, reserved 1079296K
  class space    used 4746K, capacity 4954K, committed 4992K, reserved 1048576K
Event: 6.574 GC heap after
Heap after GC invocations=11 (full 2):
 PSYoungGen      total 115200K, used 0K [0x00000000e0000000, 0x00000000ea300000, 0x0000000100000000)
  eden space 103936K, 0% used [0x00000000e0000000,0x00000000e0000000,0x00000000e6580000)
  from space 11264K, 0% used [0x00000000e6580000,0x00000000e6580000,0x00000000e7080000)
  to   space 11776K, 0% used [0x00000000e9780000,0x00000000e9780000,0x00000000ea300000)
 ParOldGen       total 91648K, used 16423K [0x00000000a0000000, 0x00000000a5980000, 0x00000000e0000000)
  object space 91648K, 17% used [0x00000000a0000000,0x00000000a1009ec8,0x00000000a5980000)
 Metaspace       used 34416K, capacity 35384K, committed 35456K, reserved 1079296K
  class space    used 4746K, capacity 4954K, committed 4992K, reserved 1048576K
}
Event: 7.858 GC heap before
{Heap before GC invocations=12 (full 2):
 PSYoungGen      total 115200K, used 103936K [0x00000000e0000000, 0x00000000ea300000, 0x0000000100000000)
  eden space 103936K, 100% used [0x00000000e0000000,0x00000000e6580000,0x00000000e6580000)
  from space 11264K, 0% used [0x00000000e6580000,0x00000000e6580000,0x00000000e7080000)
  to   space 11776K, 0% used [0x00000000e9780000,0x00000000e9780000,0x00000000ea300000)
 ParOldGen       total 91648K, used 16423K [0x00000000a0000000, 0x00000000a5980000, 0x00000000e0000000)
  object space 91648K, 17% used [0x00000000a0000000,0x00000000a1009ec8,0x00000000a5980000)
 Metaspace       used 44127K, capacity 45368K, committed 45696K, reserved 1089536K
  class space    used 5969K, capacity 6225K, committed 6272K, reserved 1048576K
Event: 7.871 GC heap after
Heap after GC invocations=12 (full 2):
 PSYoungGen      total 143360K, used 11767K [0x00000000e0000000, 0x00000000ea300000, 0x0000000100000000)
  eden space 131584K, 0% used [0x00000000e0000000,0x00000000e0000000,0x00000000e8080000)
  from space 11776K, 99% used [0x00000000e9780000,0x00000000ea2fdf48,0x00000000ea300000)
  to   space 13824K, 0% used [0x00000000e8800000,0x00000000e8800000,0x00000000e9580000)
 ParOldGen       total 91648K, used 18236K [0x00000000a0000000, 0x00000000a5980000, 0x00000000e0000000)
  object space 91648K, 19% used [0x00000000a0000000,0x00000000a11cf390,0x00000000a5980000)
 Metaspace       used 44127K, capacity 45368K, committed 45696K, reserved 1089536K
  class space    used 5969K, capacity 6225K, committed 6272K, reserved 1048576K
}
Event: 9.167 GC heap before
{Heap before GC invocations=13 (full 2):
 PSYoungGen      total 143360K, used 143351K [0x00000000e0000000, 0x00000000ea300000, 0x0000000100000000)
  eden space 131584K, 100% used [0x00000000e0000000,0x00000000e8080000,0x00000000e8080000)
  from space 11776K, 99% used [0x00000000e9780000,0x00000000ea2fdf48,0x00000000ea300000)
  to   space 13824K, 0% used [0x00000000e8800000,0x00000000e8800000,0x00000000e9580000)
 ParOldGen       total 91648K, used 18236K [0x00000000a0000000, 0x00000000a5980000, 0x00000000e0000000)
  object space 91648K, 19% used [0x00000000a0000000,0x00000000a11cf390,0x00000000a5980000)
 Metaspace       used 53339K, capacity 55120K, committed 55296K, reserved 1097728K
  class space    used 7260K, capacity 7649K, committed 7680K, reserved 1048576K
Event: 9.185 GC heap after
Heap after GC invocations=13 (full 2):
 PSYoungGen      total 153088K, used 13812K [0x00000000e0000000, 0x00000000ec580000, 0x0000000100000000)
  eden space 139264K, 0% used [0x00000000e0000000,0x00000000e0000000,0x00000000e8800000)
  from space 13824K, 99% used [0x00000000e8800000,0x00000000e957d118,0x00000000e9580000)
  to   space 18432K, 0% used [0x00000000eb380000,0x00000000eb380000,0x00000000ec580000)
 ParOldGen       total 91648K, used 26289K [0x00000000a0000000, 0x00000000a5980000, 0x00000000e0000000)
  object space 91648K, 28% used [0x00000000a0000000,0x00000000a19ac650,0x00000000a5980000)
 Metaspace       used 53339K, capacity 55120K, committed 55296K, reserved 1097728K
  class space    used 7260K, capacity 7649K, committed 7680K, reserved 1048576K
}
Event: 10.050 GC heap before
{Heap before GC invocations=14 (full 2):
 PSYoungGen      total 153088K, used 78142K [0x00000000e0000000, 0x00000000ec580000, 0x0000000100000000)
  eden space 139264K, 46% used [0x00000000e0000000,0x00000000e3ed2a38,0x00000000e8800000)
  from space 13824K, 99% used [0x00000000e8800000,0x00000000e957d118,0x00000000e9580000)
  to   space 18432K, 0% used [0x00000000eb380000,0x00000000eb380000,0x00000000ec580000)
 ParOldGen       total 91648K, used 26289K [0x00000000a0000000, 0x00000000a5980000, 0x00000000e0000000)
  object space 91648K, 28% used [0x00000000a0000000,0x00000000a19ac650,0x00000000a5980000)
 Metaspace       used 56932K, capacity 58940K, committed 59096K, reserved 1099776K
  class space    used 7751K, capacity 8205K, committed 8320K, reserved 1048576K
Event: 10.070 GC heap after
Heap after GC invocations=14 (full 2):
 PSYoungGen      total 184320K, used 5266K [0x00000000e0000000, 0x00000000ed000000, 0x0000000100000000)
  eden space 165888K, 0% used [0x00000000e0000000,0x00000000e0000000,0x00000000ea200000)
  from space 18432K, 28% used [0x00000000eb380000,0x00000000eb8a4850,0x00000000ec580000)
  to   space 17920K, 0% used [0x00000000ea200000,0x00000000ea200000,0x00000000eb380000)
 ParOldGen       total 91648K, used 32826K [0x00000000a0000000, 0x00000000a5980000, 0x00000000e0000000)
  object space 91648K, 35% used [0x00000000a0000000,0x00000000a200e9f8,0x00000000a5980000)
 Metaspace       used 56932K, capacity 58940K, committed 59096K, reserved 1099776K
  class space    used 7751K, capacity 8205K, committed 8320K, reserved 1048576K
}
Event: 10.070 GC heap before
{Heap before GC invocations=15 (full 3):
 PSYoungGen      total 184320K, used 5266K [0x00000000e0000000, 0x00000000ed000000, 0x0000000100000000)
  eden space 165888K, 0% used [0x00000000e0000000,0x00000000e0000000,0x00000000ea200000)
  from space 18432K, 28% used [0x00000000eb380000,0x00000000eb8a4850,0x00000000ec580000)
  to   space 17920K, 0% used [0x00000000ea200000,0x00000000ea200000,0x00000000eb380000)
 ParOldGen       total 91648K, used 32826K [0x00000000a0000000, 0x00000000a5980000, 0x00000000e0000000)
  object space 91648K, 35% used [0x00000000a0000000,0x00000000a200e9f8,0x00000000a5980000)
 Metaspace       used 56932K, capacity 58940K, committed 59096K, reserved 1099776K
  class space    used 7751K, capacity 8205K, committed 8320K, reserved 1048576K
Event: 10.294 GC heap after
Heap after GC invocations=15 (full 3):
 PSYoungGen      total 184320K, used 0K [0x00000000e0000000, 0x00000000ed000000, 0x0000000100000000)
  eden space 165888K, 0% used [0x00000000e0000000,0x00000000e0000000,0x00000000ea200000)
  from space 18432K, 0% used [0x00000000eb380000,0x00000000eb380000,0x00000000ec580000)
  to   space 17920K, 0% used [0x00000000ea200000,0x00000000ea200000,0x00000000eb380000)
 ParOldGen       total 140288K, used 32887K [0x00000000a0000000, 0x00000000a8900000, 0x00000000e0000000)
  object space 140288K, 23% used [0x00000000a0000000,0x00000000a201dc00,0x00000000a8900000)
 Metaspace       used 56921K, capacity 58904K, committed 59096K, reserved 1099776K
  class space    used 7748K, capacity 8199K, committed 8320K, reserved 1048576K
}

