# JRE version: OpenJDK Runtime Environment (8.0_202-b03) (build 1.8.0_202-release-1483-b03)
# Java VM: OpenJDK 64-Bit Server VM (25.202-b03 mixed mode windows-amd64 compressed oops)
Heap:
 PSYoungGen      total 426496K, used 25700K [0x00000000e0000000, 0x0000000100000000, 0x0000000100000000)
  eden space 389120K, 6% used [0x00000000e0000000,0x00000000e19193a8,0x00000000f7c00000)
  from space 37376K, 0% used [0x00000000f7c00000,0x00000000f7c00000,0x00000000fa080000)
  to   space 41984K, 0% used [0x00000000fd700000,0x00000000fd700000,0x0000000100000000)
 ParOldGen       total 139264K, used 99855K [0x00000000a0000000, 0x00000000a8800000, 0x00000000e0000000)
  object space 139264K, 71% used [0x00000000a0000000,0x00000000a6183dc0,0x00000000a8800000)
 Metaspace       used 76812K, capacity 79398K, committed 80088K, reserved 1118208K
  class space    used 10094K, capacity 10624K, committed 10752K, reserved 1048576K
GC Heap History (10 events):
Event: 27.900 GC heap before
{Heap before GC invocations=28 (full 4):
 PSYoungGen      total 378368K, used 351744K [0x00000000e0000000, 0x00000000f8b80000, 0x0000000100000000)
  eden space 351744K, 100% used [0x00000000e0000000,0x00000000f5780000,0x00000000f5780000)
  from space 26624K, 0% used [0x00000000f5780000,0x00000000f5780000,0x00000000f7180000)
  to   space 26624K, 0% used [0x00000000f7180000,0x00000000f7180000,0x00000000f8b80000)
 ParOldGen       total 139264K, used 85983K [0x00000000a0000000, 0x00000000a8800000, 0x00000000e0000000)
  object space 139264K, 61% used [0x00000000a0000000,0x00000000a53f7df8,0x00000000a8800000)
 Metaspace       used 70839K, capacity 73458K, committed 74200K, reserved 1114112K
  class space    used 9469K, capacity 10008K, committed 10240K, reserved 1048576K
Event: 27.924 GC heap after
Heap after GC invocations=28 (full 4):
 PSYoungGen      total 377856K, used 14917K [0x00000000e0000000, 0x00000000fce00000, 0x0000000100000000)
  eden space 351232K, 0% used [0x00000000e0000000,0x00000000e0000000,0x00000000f5700000)
  from space 26624K, 56% used [0x00000000f7180000,0x00000000f8011798,0x00000000f8b80000)
  to   space 27136K, 0% used [0x00000000f5700000,0x00000000f5700000,0x00000000f7180000)
 ParOldGen       total 139264K, used 85991K [0x00000000a0000000, 0x00000000a8800000, 0x00000000e0000000)
  object space 139264K, 61% used [0x00000000a0000000,0x00000000a53f9df8,0x00000000a8800000)
 Metaspace       used 70839K, capacity 73458K, committed 74200K, reserved 1114112K
  class space    used 9469K, capacity 10008K, committed 10240K, reserved 1048576K
}
Event: 30.701 GC heap before
{Heap before GC invocations=29 (full 4):
 PSYoungGen      total 377856K, used 366149K [0x00000000e0000000, 0x00000000fce00000, 0x0000000100000000)
  eden space 351232K, 100% used [0x00000000e0000000,0x00000000f5700000,0x00000000f5700000)
  from space 26624K, 56% used [0x00000000f7180000,0x00000000f8011798,0x00000000f8b80000)
  to   space 27136K, 0% used [0x00000000f5700000,0x00000000f5700000,0x00000000f7180000)
 ParOldGen       total 139264K, used 85991K [0x00000000a0000000, 0x00000000a8800000, 0x00000000e0000000)
  object space 139264K, 61% used [0x00000000a0000000,0x00000000a53f9df8,0x00000000a8800000)
 Metaspace       used 71172K, capacity 73826K, committed 74456K, reserved 1114112K
  class space    used 9516K, capacity 10044K, committed 10240K, reserved 1048576K
Event: 30.728 GC heap after
Heap after GC invocations=29 (full 4):
 PSYoungGen      total 378368K, used 20380K [0x00000000e0000000, 0x00000000fbc80000, 0x0000000100000000)
  eden space 351232K, 0% used [0x00000000e0000000,0x00000000e0000000,0x00000000f5700000)
  from space 27136K, 75% used [0x00000000f5700000,0x00000000f6ae7238,0x00000000f7180000)
  to   space 28672K, 0% used [0x00000000fa080000,0x00000000fa080000,0x00000000fbc80000)
 ParOldGen       total 139264K, used 85991K [0x00000000a0000000, 0x00000000a8800000, 0x00000000e0000000)
  object space 139264K, 61% used [0x00000000a0000000,0x00000000a53f9df8,0x00000000a8800000)
 Metaspace       used 71172K, capacity 73826K, committed 74456K, reserved 1114112K
  class space    used 9516K, capacity 10044K, committed 10240K, reserved 1048576K
}
Event: 32.606 GC heap before
{Heap before GC invocations=30 (full 4):
 PSYoungGen      total 378368K, used 371612K [0x00000000e0000000, 0x00000000fbc80000, 0x0000000100000000)
  eden space 351232K, 100% used [0x00000000e0000000,0x00000000f5700000,0x00000000f5700000)
  from space 27136K, 75% used [0x00000000f5700000,0x00000000f6ae7238,0x00000000f7180000)
  to   space 28672K, 0% used [0x00000000fa080000,0x00000000fa080000,0x00000000fbc80000)
 ParOldGen       total 139264K, used 86000K [0x00000000a0000000, 0x00000000a8800000, 0x00000000e0000000)
  object space 139264K, 61% used [0x00000000a0000000,0x00000000a53fc280,0x00000000a8800000)
 Metaspace       used 75274K, capacity 77926K, committed 78552K, reserved 1118208K
  class space    used 10008K, capacity 10560K, committed 10752K, reserved 1048576K
Event: 32.653 GC heap after
Heap after GC invocations=30 (full 4):
 PSYoungGen      total 417792K, used 28660K [0x00000000e0000000, 0x00000000fcf80000, 0x0000000100000000)
  eden space 389120K, 0% used [0x00000000e0000000,0x00000000e0000000,0x00000000f7c00000)
  from space 28672K, 99% used [0x00000000fa080000,0x00000000fbc7d220,0x00000000fbc80000)
  to   space 37376K, 0% used [0x00000000f7c00000,0x00000000f7c00000,0x00000000fa080000)
 ParOldGen       total 139264K, used 99258K [0x00000000a0000000, 0x00000000a8800000, 0x00000000e0000000)
  object space 139264K, 71% used [0x00000000a0000000,0x00000000a60ee858,0x00000000a8800000)
 Metaspace       used 75274K, capacity 77926K, committed 78552K, reserved 1118208K
  class space    used 10008K, capacity 10560K, committed 10752K, reserved 1048576K
}
Event: 34.773 GC heap before
{Heap before GC invocations=31 (full 4):
 PSYoungGen      total 417792K, used 417780K [0x00000000e0000000, 0x00000000fcf80000, 0x0000000100000000)
  eden space 389120K, 100% used [0x00000000e0000000,0x00000000f7c00000,0x00000000f7c00000)
  from space 28672K, 99% used [0x00000000fa080000,0x00000000fbc7d220,0x00000000fbc80000)
  to   space 37376K, 0% used [0x00000000f7c00000,0x00000000f7c00000,0x00000000fa080000)
 ParOldGen       total 139264K, used 99259K [0x00000000a0000000, 0x00000000a8800000, 0x00000000e0000000)
  object space 139264K, 71% used [0x00000000a0000000,0x00000000a60eeee0,0x00000000a8800000)
 Metaspace       used 76802K, capacity 79398K, committed 80088K, reserved 1118208K
  class space    used 10094K, capacity 10624K, committed 10752K, reserved 1048576K
Event: 34.851 GC heap after
Heap after GC invocations=31 (full 4):
 PSYoungGen      total 426496K, used 33957K [0x00000000e0000000, 0x0000000100000000, 0x0000000100000000)
  eden space 389120K, 0% used [0x00000000e0000000,0x00000000e0000000,0x00000000f7c00000)
  from space 37376K, 90% used [0x00000000f7c00000,0x00000000f9d29628,0x00000000fa080000)
  to   space 41984K, 0% used [0x00000000fd700000,0x00000000fd700000,0x0000000100000000)
 ParOldGen       total 139264K, used 116416K [0x00000000a0000000, 0x00000000a8800000, 0x00000000e0000000)
  object space 139264K, 83% used [0x00000000a0000000,0x00000000a71b0280,0x00000000a8800000)
 Metaspace       used 76802K, capacity 79398K, committed 80088K, reserved 1118208K
  class space    used 10094K, capacity 10624K, committed 10752K, reserved 1048576K
}
Event: 34.851 GC heap before
{Heap before GC invocations=32 (full 5):
 PSYoungGen      total 426496K, used 33957K [0x00000000e0000000, 0x0000000100000000, 0x0000000100000000)
  eden space 389120K, 0% used [0x00000000e0000000,0x00000000e0000000,0x00000000f7c00000)
  from space 37376K, 90% used [0x00000000f7c00000,0x00000000f9d29628,0x00000000fa080000)
  to   space 41984K, 0% used [0x00000000fd700000,0x00000000fd700000,0x0000000100000000)
 ParOldGen       total 139264K, used 116416K [0x00000000a0000000, 0x00000000a8800000, 0x00000000e0000000)
  object space 139264K, 83% used [0x00000000a0000000,0x00000000a71b0280,0x00000000a8800000)
 Metaspace       used 76802K, capacity 79398K, committed 80088K, reserved 1118208K
  class space    used 10094K, capacity 10624K, committed 10752K, reserved 1048576K
Event: 35.113 GC heap after
Heap after GC invocations=32 (full 5):
 PSYoungGen      total 426496K, used 0K [0x00000000e0000000, 0x0000000100000000, 0x0000000100000000)
  eden space 389120K, 0% used [0x00000000e0000000,0x00000000e0000000,0x00000000f7c00000)
  from space 37376K, 0% used [0x00000000f7c00000,0x00000000f7c00000,0x00000000fa080000)
  to   space 41984K, 0% used [0x00000000fd700000,0x00000000fd700000,0x0000000100000000)
 ParOldGen       total 139264K, used 99855K [0x00000000a0000000, 0x00000000a8800000, 0x00000000e0000000)
  object space 139264K, 71% used [0x00000000a0000000,0x00000000a6183dc0,0x00000000a8800000)
 Metaspace       used 76802K, capacity 79398K, committed 80088K, reserved 1118208K
  class space    used 10094K, capacity 10624K, committed 10752K, reserved 1048576K
}

