# JRE version: OpenJDK Runtime Environment (8.0_152-b01) (build 1.8.0_152-release-915-b01)
# Java VM: OpenJDK 64-Bit Server VM (25.152-b01 mixed mode windows-amd64 compressed oops)
Heap:
 PSYoungGen      total 245248K, used 65326K [0x00000000e0000000, 0x00000000f4280000, 0x0000000100000000)
  eden space 212480K, 30% used [0x00000000e0000000,0x00000000e3fcbb40,0x00000000ecf80000)
  from space 32768K, 0% used [0x00000000ecf80000,0x00000000ecf80000,0x00000000eef80000)
  to   space 34816K, 0% used [0x00000000f2080000,0x00000000f2080000,0x00000000f4280000)
 ParOldGen       total 173568K, used 103638K [0x00000000a0000000, 0x00000000aa980000, 0x00000000e0000000)
  object space 173568K, 59% used [0x00000000a0000000,0x00000000a6535b80,0x00000000aa980000)
 Metaspace       used 83184K, capacity 85642K, committed 85908K, reserved 1124352K
  class space    used 10600K, capacity 11134K, committed 11196K, reserved 1048576K
GC Heap History (10 events):
Event: 25.072 GC heap before
{Heap before GC invocations=27 (full 3):
 PSYoungGen      total 175104K, used 158653K [0x00000000e0000000, 0x00000000eee80000, 0x0000000100000000)
  eden space 146432K, 100% used [0x00000000e0000000,0x00000000e8f00000,0x00000000e8f00000)
  from space 28672K, 42% used [0x00000000e8f00000,0x00000000e9aef578,0x00000000eab00000)
  to   space 27648K, 0% used [0x00000000ed380000,0x00000000ed380000,0x00000000eee80000)
 ParOldGen       total 173568K, used 105605K [0x00000000a0000000, 0x00000000aa980000, 0x00000000e0000000)
  object space 173568K, 60% used [0x00000000a0000000,0x00000000a67217f8,0x00000000aa980000)
 Metaspace       used 62366K, capacity 64526K, committed 64660K, reserved 1105920K
  class space    used 8083K, capacity 8568K, committed 8636K, reserved 1048576K
Event: 25.089 GC heap after
Heap after GC invocations=27 (full 3):
 PSYoungGen      total 210432K, used 18815K [0x00000000e0000000, 0x00000000eec00000, 0x0000000100000000)
  eden space 185344K, 0% used [0x00000000e0000000,0x00000000e0000000,0x00000000eb500000)
  from space 25088K, 74% used [0x00000000ed380000,0x00000000ee5dfce0,0x00000000eec00000)
  to   space 28160K, 0% used [0x00000000eb500000,0x00000000eb500000,0x00000000ed080000)
 ParOldGen       total 173568K, used 107666K [0x00000000a0000000, 0x00000000aa980000, 0x00000000e0000000)
  object space 173568K, 62% used [0x00000000a0000000,0x00000000a6924b90,0x00000000aa980000)
 Metaspace       used 62366K, capacity 64526K, committed 64660K, reserved 1105920K
  class space    used 8083K, capacity 8568K, committed 8636K, reserved 1048576K
}
Event: 48.154 GC heap before
{Heap before GC invocations=28 (full 3):
 PSYoungGen      total 210432K, used 204159K [0x00000000e0000000, 0x00000000eec00000, 0x0000000100000000)
  eden space 185344K, 100% used [0x00000000e0000000,0x00000000eb500000,0x00000000eb500000)
  from space 25088K, 74% used [0x00000000ed380000,0x00000000ee5dfce0,0x00000000eec00000)
  to   space 28160K, 0% used [0x00000000eb500000,0x00000000eb500000,0x00000000ed080000)
 ParOldGen       total 173568K, used 107666K [0x00000000a0000000, 0x00000000aa980000, 0x00000000e0000000)
  object space 173568K, 62% used [0x00000000a0000000,0x00000000a6924b90,0x00000000aa980000)
 Metaspace       used 71168K, capacity 73354K, committed 73492K, reserved 1114112K
  class space    used 9013K, capacity 9504K, committed 9532K, reserved 1048576K
Event: 48.174 GC heap after
Heap after GC invocations=28 (full 3):
 PSYoungGen      total 213504K, used 13964K [0x00000000e0000000, 0x00000000f0980000, 0x0000000100000000)
  eden space 185344K, 0% used [0x00000000e0000000,0x00000000e0000000,0x00000000eb500000)
  from space 28160K, 49% used [0x00000000eb500000,0x00000000ec2a3120,0x00000000ed080000)
  to   space 26624K, 0% used [0x00000000eef80000,0x00000000eef80000,0x00000000f0980000)
 ParOldGen       total 173568K, used 115863K [0x00000000a0000000, 0x00000000aa980000, 0x00000000e0000000)
  object space 173568K, 66% used [0x00000000a0000000,0x00000000a7125c28,0x00000000aa980000)
 Metaspace       used 71168K, capacity 73354K, committed 73492K, reserved 1114112K
  class space    used 9013K, capacity 9504K, committed 9532K, reserved 1048576K
}
Event: 53.694 GC heap before
{Heap before GC invocations=29 (full 3):
 PSYoungGen      total 213504K, used 189117K [0x00000000e0000000, 0x00000000f0980000, 0x0000000100000000)
  eden space 185344K, 94% used [0x00000000e0000000,0x00000000eab0c4b8,0x00000000eb500000)
  from space 28160K, 49% used [0x00000000eb500000,0x00000000ec2a3120,0x00000000ed080000)
  to   space 26624K, 0% used [0x00000000eef80000,0x00000000eef80000,0x00000000f0980000)
 ParOldGen       total 173568K, used 115863K [0x00000000a0000000, 0x00000000aa980000, 0x00000000e0000000)
  object space 173568K, 66% used [0x00000000a0000000,0x00000000a7125c28,0x00000000aa980000)
 Metaspace       used 81998K, capacity 84378K, committed 84628K, reserved 1122304K
  class space    used 10415K, capacity 10912K, committed 10940K, reserved 1048576K
Event: 53.721 GC heap after
Heap after GC invocations=29 (full 3):
 PSYoungGen      total 239104K, used 26597K [0x00000000e0000000, 0x00000000f1200000, 0x0000000100000000)
  eden space 212480K, 0% used [0x00000000e0000000,0x00000000e0000000,0x00000000ecf80000)
  from space 26624K, 99% used [0x00000000eef80000,0x00000000f0979710,0x00000000f0980000)
  to   space 32768K, 0% used [0x00000000ecf80000,0x00000000ecf80000,0x00000000eef80000)
 ParOldGen       total 173568K, used 123480K [0x00000000a0000000, 0x00000000aa980000, 0x00000000e0000000)
  object space 173568K, 71% used [0x00000000a0000000,0x00000000a7896030,0x00000000aa980000)
 Metaspace       used 81998K, capacity 84378K, committed 84628K, reserved 1122304K
  class space    used 10415K, capacity 10912K, committed 10940K, reserved 1048576K
}
Event: 53.784 GC heap before
{Heap before GC invocations=30 (full 3):
 PSYoungGen      total 239104K, used 238243K [0x00000000e0000000, 0x00000000f1200000, 0x0000000100000000)
  eden space 212480K, 99% used [0x00000000e0000000,0x00000000eceaf770,0x00000000ecf80000)
  from space 26624K, 99% used [0x00000000eef80000,0x00000000f0979710,0x00000000f0980000)
  to   space 32768K, 0% used [0x00000000ecf80000,0x00000000ecf80000,0x00000000eef80000)
 ParOldGen       total 173568K, used 123480K [0x00000000a0000000, 0x00000000aa980000, 0x00000000e0000000)
  object space 173568K, 71% used [0x00000000a0000000,0x00000000a7896030,0x00000000aa980000)
 Metaspace       used 82303K, capacity 84700K, committed 85012K, reserved 1124352K
  class space    used 10449K, capacity 10951K, committed 11068K, reserved 1048576K
Event: 53.820 GC heap after
Heap after GC invocations=30 (full 3):
 PSYoungGen      total 245248K, used 24966K [0x00000000e0000000, 0x00000000f4280000, 0x0000000100000000)
  eden space 212480K, 0% used [0x00000000e0000000,0x00000000e0000000,0x00000000ecf80000)
  from space 32768K, 76% used [0x00000000ecf80000,0x00000000ee7e1b58,0x00000000eef80000)
  to   space 34816K, 0% used [0x00000000f2080000,0x00000000f2080000,0x00000000f4280000)
 ParOldGen       total 173568K, used 164603K [0x00000000a0000000, 0x00000000aa980000, 0x00000000e0000000)
  object space 173568K, 94% used [0x00000000a0000000,0x00000000aa0bee98,0x00000000aa980000)
 Metaspace       used 82303K, capacity 84700K, committed 85012K, reserved 1124352K
  class space    used 10449K, capacity 10951K, committed 11068K, reserved 1048576K
}
Event: 53.820 GC heap before
{Heap before GC invocations=31 (full 4):
 PSYoungGen      total 245248K, used 24966K [0x00000000e0000000, 0x00000000f4280000, 0x0000000100000000)
  eden space 212480K, 0% used [0x00000000e0000000,0x00000000e0000000,0x00000000ecf80000)
  from space 32768K, 76% used [0x00000000ecf80000,0x00000000ee7e1b58,0x00000000eef80000)
  to   space 34816K, 0% used [0x00000000f2080000,0x00000000f2080000,0x00000000f4280000)
 ParOldGen       total 173568K, used 164603K [0x00000000a0000000, 0x00000000aa980000, 0x00000000e0000000)
  object space 173568K, 94% used [0x00000000a0000000,0x00000000aa0bee98,0x00000000aa980000)
 Metaspace       used 82303K, capacity 84700K, committed 85012K, reserved 1124352K
  class space    used 10449K, capacity 10951K, committed 11068K, reserved 1048576K
Event: 54.006 GC heap after
Heap after GC invocations=31 (full 4):
 PSYoungGen      total 245248K, used 0K [0x00000000e0000000, 0x00000000f4280000, 0x0000000100000000)
  eden space 212480K, 0% used [0x00000000e0000000,0x00000000e0000000,0x00000000ecf80000)
  from space 32768K, 0% used [0x00000000ecf80000,0x00000000ecf80000,0x00000000eef80000)
  to   space 34816K, 0% used [0x00000000f2080000,0x00000000f2080000,0x00000000f4280000)
 ParOldGen       total 173568K, used 103638K [0x00000000a0000000, 0x00000000aa980000, 0x00000000e0000000)
  object space 173568K, 59% used [0x00000000a0000000,0x00000000a6535b80,0x00000000aa980000)
 Metaspace       used 82303K, capacity 84700K, committed 85012K, reserved 1124352K
  class space    used 10449K, capacity 10951K, committed 11068K, reserved 1048576K
}

