# JRE version: OpenJDK Runtime Environment (8.0_202-b03) (build 1.8.0_202-release-1483-b03)
# Java VM: OpenJDK 64-Bit Server VM (25.202-b03 mixed mode windows-amd64 compressed oops)
Heap:
 PSYoungGen      total 222720K, used 31648K [0x00000000e0000000, 0x00000000f1f80000, 0x0000000100000000)
  eden space 205312K, 15% used [0x00000000e0000000,0x00000000e1ee8120,0x00000000ec880000)
  from space 17408K, 0% used [0x00000000ec880000,0x00000000ec880000,0x00000000ed980000)
  to   space 23040K, 0% used [0x00000000f0900000,0x00000000f0900000,0x00000000f1f80000)
 ParOldGen       total 84480K, used 38779K [0x00000000a0000000, 0x00000000a5280000, 0x00000000e0000000)
  object space 84480K, 45% used [0x00000000a0000000,0x00000000a25deda8,0x00000000a5280000)
 Metaspace       used 58813K, capacity 60860K, committed 61056K, reserved 1101824K
  class space    used 8073K, capacity 8526K, committed 8576K, reserved 1048576K
GC Heap History (10 events):
Event: 10.015 GC heap before
{Heap before GC invocations=8 (full 1):
 PSYoungGen      total 128000K, used 111338K [0x00000000e0000000, 0x00000000e9600000, 0x0000000100000000)
  eden space 119808K, 86% used [0x00000000e0000000,0x00000000e6526430,0x00000000e7500000)
  from space 8192K, 94% used [0x00000000e8e00000,0x00000000e9594760,0x00000000e9600000)
  to   space 11776K, 0% used [0x00000000e7f00000,0x00000000e7f00000,0x00000000e8a80000)
 ParOldGen       total 57344K, used 11181K [0x00000000a0000000, 0x00000000a3800000, 0x00000000e0000000)
  object space 57344K, 19% used [0x00000000a0000000,0x00000000a0aeb4d8,0x00000000a3800000)
 Metaspace       used 34462K, capacity 35406K, committed 35456K, reserved 1079296K
  class space    used 4755K, capacity 4959K, committed 4992K, reserved 1048576K
Event: 10.028 GC heap after
Heap after GC invocations=8 (full 1):
 PSYoungGen      total 141824K, used 11751K [0x00000000e0000000, 0x00000000eea80000, 0x0000000100000000)
  eden space 130048K, 0% used [0x00000000e0000000,0x00000000e0000000,0x00000000e7f00000)
  from space 11776K, 99% used [0x00000000e7f00000,0x00000000e8a79eb8,0x00000000e8a80000)
  to   space 13824K, 0% used [0x00000000edd00000,0x00000000edd00000,0x00000000eea80000)
 ParOldGen       total 57344K, used 12206K [0x00000000a0000000, 0x00000000a3800000, 0x00000000e0000000)
  object space 57344K, 21% used [0x00000000a0000000,0x00000000a0bebaf0,0x00000000a3800000)
 Metaspace       used 34462K, capacity 35406K, committed 35456K, reserved 1079296K
  class space    used 4755K, capacity 4959K, committed 4992K, reserved 1048576K
}
Event: 10.028 GC heap before
{Heap before GC invocations=9 (full 2):
 PSYoungGen      total 141824K, used 11751K [0x00000000e0000000, 0x00000000eea80000, 0x0000000100000000)
  eden space 130048K, 0% used [0x00000000e0000000,0x00000000e0000000,0x00000000e7f00000)
  from space 11776K, 99% used [0x00000000e7f00000,0x00000000e8a79eb8,0x00000000e8a80000)
  to   space 13824K, 0% used [0x00000000edd00000,0x00000000edd00000,0x00000000eea80000)
 ParOldGen       total 57344K, used 12206K [0x00000000a0000000, 0x00000000a3800000, 0x00000000e0000000)
  object space 57344K, 21% used [0x00000000a0000000,0x00000000a0bebaf0,0x00000000a3800000)
 Metaspace       used 34462K, capacity 35406K, committed 35456K, reserved 1079296K
  class space    used 4755K, capacity 4959K, committed 4992K, reserved 1048576K
Event: 10.098 GC heap after
Heap after GC invocations=9 (full 2):
 PSYoungGen      total 141824K, used 0K [0x00000000e0000000, 0x00000000eea80000, 0x0000000100000000)
  eden space 130048K, 0% used [0x00000000e0000000,0x00000000e0000000,0x00000000e7f00000)
  from space 11776K, 0% used [0x00000000e7f00000,0x00000000e7f00000,0x00000000e8a80000)
  to   space 13824K, 0% used [0x00000000edd00000,0x00000000edd00000,0x00000000eea80000)
 ParOldGen       total 84480K, used 19761K [0x00000000a0000000, 0x00000000a5280000, 0x00000000e0000000)
  object space 84480K, 23% used [0x00000000a0000000,0x00000000a134c7e0,0x00000000a5280000)
 Metaspace       used 34462K, capacity 35406K, committed 35456K, reserved 1079296K
  class space    used 4755K, capacity 4959K, committed 4992K, reserved 1048576K
}
Event: 11.827 GC heap before
{Heap before GC invocations=10 (full 2):
 PSYoungGen      total 141824K, used 130048K [0x00000000e0000000, 0x00000000eea80000, 0x0000000100000000)
  eden space 130048K, 100% used [0x00000000e0000000,0x00000000e7f00000,0x00000000e7f00000)
  from space 11776K, 0% used [0x00000000e7f00000,0x00000000e7f00000,0x00000000e8a80000)
  to   space 13824K, 0% used [0x00000000edd00000,0x00000000edd00000,0x00000000eea80000)
 ParOldGen       total 84480K, used 19761K [0x00000000a0000000, 0x00000000a5280000, 0x00000000e0000000)
  object space 84480K, 23% used [0x00000000a0000000,0x00000000a134c7e0,0x00000000a5280000)
 Metaspace       used 45980K, capacity 47352K, committed 47488K, reserved 1089536K
  class space    used 6193K, capacity 6511K, committed 6528K, reserved 1048576K
Event: 11.847 GC heap after
Heap after GC invocations=10 (full 2):
 PSYoungGen      total 207872K, used 13793K [0x00000000e0000000, 0x00000000eea80000, 0x0000000100000000)
  eden space 194048K, 0% used [0x00000000e0000000,0x00000000e0000000,0x00000000ebd80000)
  from space 13824K, 99% used [0x00000000edd00000,0x00000000eea78440,0x00000000eea80000)
  to   space 17408K, 0% used [0x00000000ec880000,0x00000000ec880000,0x00000000ed980000)
 ParOldGen       total 84480K, used 23114K [0x00000000a0000000, 0x00000000a5280000, 0x00000000e0000000)
  object space 84480K, 27% used [0x00000000a0000000,0x00000000a1692848,0x00000000a5280000)
 Metaspace       used 45980K, capacity 47352K, committed 47488K, reserved 1089536K
  class space    used 6193K, capacity 6511K, committed 6528K, reserved 1048576K
}
Event: 14.058 GC heap before
{Heap before GC invocations=11 (full 2):
 PSYoungGen      total 207872K, used 185742K [0x00000000e0000000, 0x00000000eea80000, 0x0000000100000000)
  eden space 194048K, 88% used [0x00000000e0000000,0x00000000ea7eb458,0x00000000ebd80000)
  from space 13824K, 99% used [0x00000000edd00000,0x00000000eea78440,0x00000000eea80000)
  to   space 17408K, 0% used [0x00000000ec880000,0x00000000ec880000,0x00000000ed980000)
 ParOldGen       total 84480K, used 23114K [0x00000000a0000000, 0x00000000a5280000, 0x00000000e0000000)
  object space 84480K, 27% used [0x00000000a0000000,0x00000000a1692848,0x00000000a5280000)
 Metaspace       used 57001K, capacity 58974K, committed 59096K, reserved 1099776K
  class space    used 7775K, capacity 8210K, committed 8320K, reserved 1048576K
Event: 14.079 GC heap after
Heap after GC invocations=11 (full 2):
 PSYoungGen      total 222720K, used 17396K [0x00000000e0000000, 0x00000000f1f80000, 0x0000000100000000)
  eden space 205312K, 0% used [0x00000000e0000000,0x00000000e0000000,0x00000000ec880000)
  from space 17408K, 99% used [0x00000000ec880000,0x00000000ed97d320,0x00000000ed980000)
  to   space 23040K, 0% used [0x00000000f0900000,0x00000000f0900000,0x00000000f1f80000)
 ParOldGen       total 84480K, used 30599K [0x00000000a0000000, 0x00000000a5280000, 0x00000000e0000000)
  object space 84480K, 36% used [0x00000000a0000000,0x00000000a1de1d70,0x00000000a5280000)
 Metaspace       used 57001K, capacity 58974K, committed 59096K, reserved 1099776K
  class space    used 7775K, capacity 8210K, committed 8320K, reserved 1048576K
}
Event: 14.079 GC heap before
{Heap before GC invocations=12 (full 3):
 PSYoungGen      total 222720K, used 17396K [0x00000000e0000000, 0x00000000f1f80000, 0x0000000100000000)
  eden space 205312K, 0% used [0x00000000e0000000,0x00000000e0000000,0x00000000ec880000)
  from space 17408K, 99% used [0x00000000ec880000,0x00000000ed97d320,0x00000000ed980000)
  to   space 23040K, 0% used [0x00000000f0900000,0x00000000f0900000,0x00000000f1f80000)
 ParOldGen       total 84480K, used 30599K [0x00000000a0000000, 0x00000000a5280000, 0x00000000e0000000)
  object space 84480K, 36% used [0x00000000a0000000,0x00000000a1de1d70,0x00000000a5280000)
 Metaspace       used 57001K, capacity 58974K, committed 59096K, reserved 1099776K
  class space    used 7775K, capacity 8210K, committed 8320K, reserved 1048576K
Event: 14.238 GC heap after
Heap after GC invocations=12 (full 3):
 PSYoungGen      total 222720K, used 0K [0x00000000e0000000, 0x00000000f1f80000, 0x0000000100000000)
  eden space 205312K, 0% used [0x00000000e0000000,0x00000000e0000000,0x00000000ec880000)
  from space 17408K, 0% used [0x00000000ec880000,0x00000000ec880000,0x00000000ed980000)
  to   space 23040K, 0% used [0x00000000f0900000,0x00000000f0900000,0x00000000f1f80000)
 ParOldGen       total 84480K, used 38779K [0x00000000a0000000, 0x00000000a5280000, 0x00000000e0000000)
  object space 84480K, 45% used [0x00000000a0000000,0x00000000a25deda8,0x00000000a5280000)
 Metaspace       used 56988K, capacity 58932K, committed 59096K, reserved 1099776K
  class space    used 7771K, capacity 8203K, committed 8320K, reserved 1048576K
}

