# JRE version: OpenJDK Runtime Environment (8.0_202-b03) (build 1.8.0_202-release-1483-b03)
# Java VM: OpenJDK 64-Bit Server VM (25.202-b03 mixed mode windows-amd64 compressed oops)
Heap:
 PSYoungGen      total 296960K, used 139626K [0x00000000e0000000, 0x00000000f4d80000, 0x0000000100000000)
  eden space 268800K, 47% used [0x00000000e0000000,0x00000000e7de90b8,0x00000000f0680000)
  from space 28160K, 37% used [0x00000000f3200000,0x00000000f3c718c0,0x00000000f4d80000)
  to   space 36352K, 0% used [0x00000000f0680000,0x00000000f0680000,0x00000000f2a00000)
 ParOldGen       total 135168K, used 86759K [0x00000000a0000000, 0x00000000a8400000, 0x00000000e0000000)
  object space 135168K, 64% used [0x00000000a0000000,0x00000000a54b9c50,0x00000000a8400000)
 Metaspace       used 80174K, capacity 84434K, committed 84568K, reserved 1122304K
  class space    used 10346K, capacity 11133K, committed 11136K, reserved 1048576K
GC Heap History (10 events):
Event: 2153.255 GC heap before
{Heap before GC invocations=21 (full 3):
 PSYoungGen      total 205312K, used 204803K [0x00000000e0000000, 0x00000000ef300000, 0x0000000100000000)
  eden space 183296K, 100% used [0x00000000e0000000,0x00000000eb300000,0x00000000eb300000)
  from space 22016K, 97% used [0x00000000eb900000,0x00000000ece00f40,0x00000000ece80000)
  to   space 32768K, 0% used [0x00000000ed300000,0x00000000ed300000,0x00000000ef300000)
 ParOldGen       total 135168K, used 64276K [0x00000000a0000000, 0x00000000a8400000, 0x00000000e0000000)
  object space 135168K, 47% used [0x00000000a0000000,0x00000000a3ec53d8,0x00000000a8400000)
 Metaspace       used 78516K, capacity 82134K, committed 82264K, reserved 1120256K
  class space    used 10176K, capacity 10875K, committed 10880K, reserved 1048576K
Event: 2153.275 GC heap after
Heap after GC invocations=21 (full 3):
 PSYoungGen      total 212480K, used 29579K [0x00000000e0000000, 0x00000000f1300000, 0x0000000100000000)
  eden space 179712K, 0% used [0x00000000e0000000,0x00000000e0000000,0x00000000eaf80000)
  from space 32768K, 90% used [0x00000000ed300000,0x00000000eefe2eb0,0x00000000ef300000)
  to   space 36352K, 0% used [0x00000000eaf80000,0x00000000eaf80000,0x00000000ed300000)
 ParOldGen       total 135168K, used 64284K [0x00000000a0000000, 0x00000000a8400000, 0x00000000e0000000)
  object space 135168K, 47% used [0x00000000a0000000,0x00000000a3ec73d8,0x00000000a8400000)
 Metaspace       used 78516K, capacity 82134K, committed 82264K, reserved 1120256K
  class space    used 10176K, capacity 10875K, committed 10880K, reserved 1048576K
}
Event: 2153.494 GC heap before
{Heap before GC invocations=22 (full 3):
 PSYoungGen      total 212480K, used 209291K [0x00000000e0000000, 0x00000000f1300000, 0x0000000100000000)
  eden space 179712K, 100% used [0x00000000e0000000,0x00000000eaf80000,0x00000000eaf80000)
  from space 32768K, 90% used [0x00000000ed300000,0x00000000eefe2eb0,0x00000000ef300000)
  to   space 36352K, 0% used [0x00000000eaf80000,0x00000000eaf80000,0x00000000ed300000)
 ParOldGen       total 135168K, used 64284K [0x00000000a0000000, 0x00000000a8400000, 0x00000000e0000000)
  object space 135168K, 47% used [0x00000000a0000000,0x00000000a3ec73d8,0x00000000a8400000)
 Metaspace       used 78529K, capacity 82134K, committed 82264K, reserved 1120256K
  class space    used 10176K, capacity 10875K, committed 10880K, reserved 1048576K
Event: 2153.524 GC heap after
Heap after GC invocations=22 (full 3):
 PSYoungGen      total 216064K, used 27385K [0x00000000e0000000, 0x00000000f2480000, 0x0000000100000000)
  eden space 179712K, 0% used [0x00000000e0000000,0x00000000e0000000,0x00000000eaf80000)
  from space 36352K, 75% used [0x00000000eaf80000,0x00000000eca3e660,0x00000000ed300000)
  to   space 38400K, 0% used [0x00000000eff00000,0x00000000eff00000,0x00000000f2480000)
 ParOldGen       total 135168K, used 64284K [0x00000000a0000000, 0x00000000a8400000, 0x00000000e0000000)
  object space 135168K, 47% used [0x00000000a0000000,0x00000000a3ec73d8,0x00000000a8400000)
 Metaspace       used 78529K, capacity 82134K, committed 82264K, reserved 1120256K
  class space    used 10176K, capacity 10875K, committed 10880K, reserved 1048576K
}
Event: 2154.067 GC heap before
{Heap before GC invocations=23 (full 3):
 PSYoungGen      total 216064K, used 207097K [0x00000000e0000000, 0x00000000f2480000, 0x0000000100000000)
  eden space 179712K, 100% used [0x00000000e0000000,0x00000000eaf80000,0x00000000eaf80000)
  from space 36352K, 75% used [0x00000000eaf80000,0x00000000eca3e660,0x00000000ed300000)
  to   space 38400K, 0% used [0x00000000eff00000,0x00000000eff00000,0x00000000f2480000)
 ParOldGen       total 135168K, used 64284K [0x00000000a0000000, 0x00000000a8400000, 0x00000000e0000000)
  object space 135168K, 47% used [0x00000000a0000000,0x00000000a3ec73d8,0x00000000a8400000)
 Metaspace       used 78568K, capacity 82140K, committed 82264K, reserved 1120256K
  class space    used 10182K, capacity 10876K, committed 10880K, reserved 1048576K
Event: 2154.116 GC heap after
Heap after GC invocations=23 (full 3):
 PSYoungGen      total 261632K, used 9263K [0x00000000e0000000, 0x00000000f2700000, 0x0000000100000000)
  eden space 223232K, 0% used [0x00000000e0000000,0x00000000e0000000,0x00000000eda00000)
  from space 38400K, 24% used [0x00000000eff00000,0x00000000f080bcc8,0x00000000f2480000)
  to   space 37888K, 0% used [0x00000000eda00000,0x00000000eda00000,0x00000000eff00000)
 ParOldGen       total 135168K, used 83641K [0x00000000a0000000, 0x00000000a8400000, 0x00000000e0000000)
  object space 135168K, 61% used [0x00000000a0000000,0x00000000a51ae6d8,0x00000000a8400000)
 Metaspace       used 78568K, capacity 82140K, committed 82264K, reserved 1120256K
  class space    used 10182K, capacity 10876K, committed 10880K, reserved 1048576K
}
Event: 2169.617 GC heap before
{Heap before GC invocations=24 (full 3):
 PSYoungGen      total 261632K, used 232495K [0x00000000e0000000, 0x00000000f2700000, 0x0000000100000000)
  eden space 223232K, 100% used [0x00000000e0000000,0x00000000eda00000,0x00000000eda00000)
  from space 38400K, 24% used [0x00000000eff00000,0x00000000f080bcc8,0x00000000f2480000)
  to   space 37888K, 0% used [0x00000000eda00000,0x00000000eda00000,0x00000000eff00000)
 ParOldGen       total 135168K, used 83641K [0x00000000a0000000, 0x00000000a8400000, 0x00000000e0000000)
  object space 135168K, 61% used [0x00000000a0000000,0x00000000a51ae6d8,0x00000000a8400000)
 Metaspace       used 78793K, capacity 82458K, committed 82648K, reserved 1120256K
  class space    used 10189K, capacity 10911K, committed 11008K, reserved 1048576K
Event: 2169.623 GC heap after
Heap after GC invocations=24 (full 3):
 PSYoungGen      total 261120K, used 3733K [0x00000000e0000000, 0x00000000f5700000, 0x0000000100000000)
  eden space 223232K, 0% used [0x00000000e0000000,0x00000000e0000000,0x00000000eda00000)
  from space 37888K, 9% used [0x00000000eda00000,0x00000000edda54b8,0x00000000eff00000)
  to   space 37888K, 0% used [0x00000000f3200000,0x00000000f3200000,0x00000000f5700000)
 ParOldGen       total 135168K, used 84463K [0x00000000a0000000, 0x00000000a8400000, 0x00000000e0000000)
  object space 135168K, 62% used [0x00000000a0000000,0x00000000a527bf90,0x00000000a8400000)
 Metaspace       used 78793K, capacity 82458K, committed 82648K, reserved 1120256K
  class space    used 10189K, capacity 10911K, committed 11008K, reserved 1048576K
}
Event: 2210.291 GC heap before
{Heap before GC invocations=25 (full 3):
 PSYoungGen      total 261120K, used 226965K [0x00000000e0000000, 0x00000000f5700000, 0x0000000100000000)
  eden space 223232K, 100% used [0x00000000e0000000,0x00000000eda00000,0x00000000eda00000)
  from space 37888K, 9% used [0x00000000eda00000,0x00000000edda54b8,0x00000000eff00000)
  to   space 37888K, 0% used [0x00000000f3200000,0x00000000f3200000,0x00000000f5700000)
 ParOldGen       total 135168K, used 84463K [0x00000000a0000000, 0x00000000a8400000, 0x00000000e0000000)
  object space 135168K, 62% used [0x00000000a0000000,0x00000000a527bf90,0x00000000a8400000)
 Metaspace       used 79926K, capacity 83998K, committed 84056K, reserved 1122304K
  class space    used 10311K, capacity 11088K, committed 11136K, reserved 1048576K
Event: 2210.310 GC heap after
Heap after GC invocations=25 (full 3):
 PSYoungGen      total 296960K, used 10694K [0x00000000e0000000, 0x00000000f4d80000, 0x0000000100000000)
  eden space 268800K, 0% used [0x00000000e0000000,0x00000000e0000000,0x00000000f0680000)
  from space 28160K, 37% used [0x00000000f3200000,0x00000000f3c718c0,0x00000000f4d80000)
  to   space 36352K, 0% used [0x00000000f0680000,0x00000000f0680000,0x00000000f2a00000)
 ParOldGen       total 135168K, used 86759K [0x00000000a0000000, 0x00000000a8400000, 0x00000000e0000000)
  object space 135168K, 64% used [0x00000000a0000000,0x00000000a54b9c50,0x00000000a8400000)
 Metaspace       used 79926K, capacity 83998K, committed 84056K, reserved 1122304K
  class space    used 10311K, capacity 11088K, committed 11136K, reserved 1048576K
}

