# JRE version: OpenJDK Runtime Environment (8.0_202-b03) (build 1.8.0_202-release-1483-b03)
# Java VM: OpenJDK 64-Bit Server VM (25.202-b03 mixed mode windows-amd64 compressed oops)
Heap:
 PSYoungGen      total 411136K, used 305738K [0x00000000e0000000, 0x00000000fc700000, 0x0000000100000000)
  eden space 356352K, 70% used [0x00000000e0000000,0x00000000ef514930,0x00000000f5c00000)
  from space 54784K, 99% used [0x00000000f5c00000,0x00000000f917dfb0,0x00000000f9180000)
  to   space 48128K, 0% used [0x00000000f9800000,0x00000000f9800000,0x00000000fc700000)
 ParOldGen       total 134144K, used 108419K [0x00000000a0000000, 0x00000000a8300000, 0x00000000e0000000)
  object space 134144K, 80% used [0x00000000a0000000,0x00000000a69e0c78,0x00000000a8300000)
 Metaspace       used 79703K, capacity 82596K, committed 82776K, reserved 1120256K
  class space    used 10410K, capacity 11033K, committed 11136K, reserved 1048576K
GC Heap History (10 events):
Event: 26.153 GC heap before
{Heap before GC invocations=25 (full 3):
 PSYoungGen      total 353280K, used 349032K [0x00000000e0000000, 0x00000000f8500000, 0x0000000100000000)
  eden space 309248K, 100% used [0x00000000e0000000,0x00000000f2e00000,0x00000000f2e00000)
  from space 44032K, 90% used [0x00000000f2e00000,0x00000000f54da280,0x00000000f5900000)
  to   space 43520K, 0% used [0x00000000f5900000,0x00000000f5900000,0x00000000f8380000)
 ParOldGen       total 134144K, used 105130K [0x00000000a0000000, 0x00000000a8300000, 0x00000000e0000000)
  object space 134144K, 78% used [0x00000000a0000000,0x00000000a66aab28,0x00000000a8300000)
 Metaspace       used 78308K, capacity 81142K, committed 81240K, reserved 1120256K
  class space    used 10246K, capacity 10860K, committed 10880K, reserved 1048576K
Event: 26.217 GC heap after
Heap after GC invocations=25 (full 3):
 PSYoungGen      total 352768K, used 43514K [0x00000000e0000000, 0x00000000f8500000, 0x0000000100000000)
  eden space 309248K, 0% used [0x00000000e0000000,0x00000000e0000000,0x00000000f2e00000)
  from space 43520K, 99% used [0x00000000f5900000,0x00000000f837eae0,0x00000000f8380000)
  to   space 44032K, 0% used [0x00000000f2e00000,0x00000000f2e00000,0x00000000f5900000)
 ParOldGen       total 134144K, used 115983K [0x00000000a0000000, 0x00000000a8300000, 0x00000000e0000000)
  object space 134144K, 86% used [0x00000000a0000000,0x00000000a7143dd8,0x00000000a8300000)
 Metaspace       used 78308K, capacity 81142K, committed 81240K, reserved 1120256K
  class space    used 10246K, capacity 10860K, committed 10880K, reserved 1048576K
}
Event: 26.217 GC heap before
{Heap before GC invocations=26 (full 4):
 PSYoungGen      total 352768K, used 43514K [0x00000000e0000000, 0x00000000f8500000, 0x0000000100000000)
  eden space 309248K, 0% used [0x00000000e0000000,0x00000000e0000000,0x00000000f2e00000)
  from space 43520K, 99% used [0x00000000f5900000,0x00000000f837eae0,0x00000000f8380000)
  to   space 44032K, 0% used [0x00000000f2e00000,0x00000000f2e00000,0x00000000f5900000)
 ParOldGen       total 134144K, used 115983K [0x00000000a0000000, 0x00000000a8300000, 0x00000000e0000000)
  object space 134144K, 86% used [0x00000000a0000000,0x00000000a7143dd8,0x00000000a8300000)
 Metaspace       used 78308K, capacity 81142K, committed 81240K, reserved 1120256K
  class space    used 10246K, capacity 10860K, committed 10880K, reserved 1048576K
Event: 26.516 GC heap after
Heap after GC invocations=26 (full 4):
 PSYoungGen      total 352768K, used 0K [0x00000000e0000000, 0x00000000f8500000, 0x0000000100000000)
  eden space 309248K, 0% used [0x00000000e0000000,0x00000000e0000000,0x00000000f2e00000)
  from space 43520K, 0% used [0x00000000f5900000,0x00000000f5900000,0x00000000f8380000)
  to   space 44032K, 0% used [0x00000000f2e00000,0x00000000f2e00000,0x00000000f5900000)
 ParOldGen       total 134144K, used 106204K [0x00000000a0000000, 0x00000000a8300000, 0x00000000e0000000)
  object space 134144K, 79% used [0x00000000a0000000,0x00000000a67b7120,0x00000000a8300000)
 Metaspace       used 78269K, capacity 81034K, committed 81240K, reserved 1120256K
  class space    used 10233K, capacity 10838K, committed 10880K, reserved 1048576K
}
Event: 28.405 GC heap before
{Heap before GC invocations=27 (full 4):
 PSYoungGen      total 352768K, used 309248K [0x00000000e0000000, 0x00000000f8500000, 0x0000000100000000)
  eden space 309248K, 100% used [0x00000000e0000000,0x00000000f2e00000,0x00000000f2e00000)
  from space 43520K, 0% used [0x00000000f5900000,0x00000000f5900000,0x00000000f8380000)
  to   space 44032K, 0% used [0x00000000f2e00000,0x00000000f2e00000,0x00000000f5900000)
 ParOldGen       total 134144K, used 106204K [0x00000000a0000000, 0x00000000a8300000, 0x00000000e0000000)
  object space 134144K, 79% used [0x00000000a0000000,0x00000000a67b7120,0x00000000a8300000)
 Metaspace       used 78605K, capacity 81382K, committed 81624K, reserved 1120256K
  class space    used 10293K, capacity 10898K, committed 11008K, reserved 1048576K
Event: 28.427 GC heap after
Heap after GC invocations=27 (full 4):
 PSYoungGen      total 353280K, used 13343K [0x00000000e0000000, 0x00000000fd000000, 0x0000000100000000)
  eden space 309248K, 0% used [0x00000000e0000000,0x00000000e0000000,0x00000000f2e00000)
  from space 44032K, 30% used [0x00000000f2e00000,0x00000000f3b07f70,0x00000000f5900000)
  to   space 57344K, 0% used [0x00000000f9800000,0x00000000f9800000,0x00000000fd000000)
 ParOldGen       total 134144K, used 106212K [0x00000000a0000000, 0x00000000a8300000, 0x00000000e0000000)
  object space 134144K, 79% used [0x00000000a0000000,0x00000000a67b9120,0x00000000a8300000)
 Metaspace       used 78605K, capacity 81382K, committed 81624K, reserved 1120256K
  class space    used 10293K, capacity 10898K, committed 11008K, reserved 1048576K
}
Event: 30.110 GC heap before
{Heap before GC invocations=28 (full 4):
 PSYoungGen      total 353280K, used 322591K [0x00000000e0000000, 0x00000000fd000000, 0x0000000100000000)
  eden space 309248K, 100% used [0x00000000e0000000,0x00000000f2e00000,0x00000000f2e00000)
  from space 44032K, 30% used [0x00000000f2e00000,0x00000000f3b07f70,0x00000000f5900000)
  to   space 57344K, 0% used [0x00000000f9800000,0x00000000f9800000,0x00000000fd000000)
 ParOldGen       total 134144K, used 106212K [0x00000000a0000000, 0x00000000a8300000, 0x00000000e0000000)
  object space 134144K, 79% used [0x00000000a0000000,0x00000000a67b9120,0x00000000a8300000)
 Metaspace       used 78698K, capacity 81516K, committed 81624K, reserved 1120256K
  class space    used 10309K, capacity 10939K, committed 11008K, reserved 1048576K
Event: 30.129 GC heap after
Heap after GC invocations=28 (full 4):
 PSYoungGen      total 404480K, used 16355K [0x00000000e0000000, 0x00000000fc700000, 0x0000000100000000)
  eden space 356352K, 0% used [0x00000000e0000000,0x00000000e0000000,0x00000000f5c00000)
  from space 48128K, 33% used [0x00000000f9800000,0x00000000fa7f8ef0,0x00000000fc700000)
  to   space 54784K, 0% used [0x00000000f5c00000,0x00000000f5c00000,0x00000000f9180000)
 ParOldGen       total 134144K, used 106220K [0x00000000a0000000, 0x00000000a8300000, 0x00000000e0000000)
  object space 134144K, 79% used [0x00000000a0000000,0x00000000a67bb120,0x00000000a8300000)
 Metaspace       used 78698K, capacity 81516K, committed 81624K, reserved 1120256K
  class space    used 10309K, capacity 10939K, committed 11008K, reserved 1048576K
}
Event: 32.405 GC heap before
{Heap before GC invocations=29 (full 4):
 PSYoungGen      total 404480K, used 372707K [0x00000000e0000000, 0x00000000fc700000, 0x0000000100000000)
  eden space 356352K, 100% used [0x00000000e0000000,0x00000000f5c00000,0x00000000f5c00000)
  from space 48128K, 33% used [0x00000000f9800000,0x00000000fa7f8ef0,0x00000000fc700000)
  to   space 54784K, 0% used [0x00000000f5c00000,0x00000000f5c00000,0x00000000f9180000)
 ParOldGen       total 134144K, used 106220K [0x00000000a0000000, 0x00000000a8300000, 0x00000000e0000000)
  object space 134144K, 79% used [0x00000000a0000000,0x00000000a67bb120,0x00000000a8300000)
 Metaspace       used 79402K, capacity 82272K, committed 82392K, reserved 1120256K
  class space    used 10380K, capacity 10995K, committed 11008K, reserved 1048576K
Event: 32.448 GC heap after
Heap after GC invocations=29 (full 4):
 PSYoungGen      total 411136K, used 54775K [0x00000000e0000000, 0x00000000fc700000, 0x0000000100000000)
  eden space 356352K, 0% used [0x00000000e0000000,0x00000000e0000000,0x00000000f5c00000)
  from space 54784K, 99% used [0x00000000f5c00000,0x00000000f917dfb0,0x00000000f9180000)
  to   space 48128K, 0% used [0x00000000f9800000,0x00000000f9800000,0x00000000fc700000)
 ParOldGen       total 134144K, used 108419K [0x00000000a0000000, 0x00000000a8300000, 0x00000000e0000000)
  object space 134144K, 80% used [0x00000000a0000000,0x00000000a69e0c78,0x00000000a8300000)
 Metaspace       used 79402K, capacity 82272K, committed 82392K, reserved 1120256K
  class space    used 10380K, capacity 10995K, committed 11008K, reserved 1048576K
}

