# JRE version: OpenJDK Runtime Environment (8.0_202-b03) (build 1.8.0_202-release-1483-b03)
# Java VM: OpenJDK 64-Bit Server VM (25.202-b03 mixed mode windows-amd64 compressed oops)
Heap:
 PSYoungGen      total 436736K, used 292744K [0x00000000e0000000, 0x0000000100000000, 0x0000000100000000)
  eden space 400896K, 73% used [0x00000000e0000000,0x00000000f1de2330,0x00000000f8780000)
  from space 35840K, 0% used [0x00000000f8780000,0x00000000f8780000,0x00000000faa80000)
  to   space 66048K, 0% used [0x00000000fbf80000,0x00000000fbf80000,0x0000000100000000)
 ParOldGen       total 217088K, used 134947K [0x00000000a0000000, 0x00000000ad400000, 0x00000000e0000000)
  object space 217088K, 62% used [0x00000000a0000000,0x00000000a83c8d68,0x00000000ad400000)
 Metaspace       used 101912K, capacity 107816K, committed 108120K, reserved 1142784K
  class space    used 12823K, capacity 13866K, committed 13952K, reserved 1048576K
GC Heap History (10 events):
Event: 259.758 GC heap before
{Heap before GC invocations=40 (full 4):
 PSYoungGen      total 436736K, used 420730K [0x00000000e0000000, 0x00000000fcd80000, 0x0000000100000000)
  eden space 400896K, 100% used [0x00000000e0000000,0x00000000f8780000,0x00000000f8780000)
  from space 35840K, 55% used [0x00000000f8780000,0x00000000f9ade9a8,0x00000000faa80000)
  to   space 33792K, 0% used [0x00000000fac80000,0x00000000fac80000,0x00000000fcd80000)
 ParOldGen       total 217088K, used 132193K [0x00000000a0000000, 0x00000000ad400000, 0x00000000e0000000)
  object space 217088K, 60% used [0x00000000a0000000,0x00000000a81184b8,0x00000000ad400000)
 Metaspace       used 100906K, capacity 106732K, committed 106968K, reserved 1142784K
  class space    used 12695K, capacity 13748K, committed 13824K, reserved 1048576K
Event: 259.806 GC heap after
Heap after GC invocations=40 (full 4):
 PSYoungGen      total 434688K, used 23632K [0x00000000e0000000, 0x00000000fcd80000, 0x0000000100000000)
  eden space 400896K, 0% used [0x00000000e0000000,0x00000000e0000000,0x00000000f8780000)
  from space 33792K, 69% used [0x00000000fac80000,0x00000000fc394370,0x00000000fcd80000)
  to   space 35840K, 0% used [0x00000000f8780000,0x00000000f8780000,0x00000000faa80000)
 ParOldGen       total 217088K, used 141745K [0x00000000a0000000, 0x00000000ad400000, 0x00000000e0000000)
  object space 217088K, 65% used [0x00000000a0000000,0x00000000a8a6c770,0x00000000ad400000)
 Metaspace       used 100906K, capacity 106732K, committed 106968K, reserved 1142784K
  class space    used 12695K, capacity 13748K, committed 13824K, reserved 1048576K
}
Event: 261.492 GC heap before
{Heap before GC invocations=41 (full 4):
 PSYoungGen      total 434688K, used 424528K [0x00000000e0000000, 0x00000000fcd80000, 0x0000000100000000)
  eden space 400896K, 100% used [0x00000000e0000000,0x00000000f8780000,0x00000000f8780000)
  from space 33792K, 69% used [0x00000000fac80000,0x00000000fc394370,0x00000000fcd80000)
  to   space 35840K, 0% used [0x00000000f8780000,0x00000000f8780000,0x00000000faa80000)
 ParOldGen       total 217088K, used 141745K [0x00000000a0000000, 0x00000000ad400000, 0x00000000e0000000)
  object space 217088K, 65% used [0x00000000a0000000,0x00000000a8a6c770,0x00000000ad400000)
 Metaspace       used 100963K, capacity 106802K, committed 106968K, reserved 1142784K
  class space    used 12702K, capacity 13749K, committed 13824K, reserved 1048576K
Event: 261.529 GC heap after
Heap after GC invocations=41 (full 4):
 PSYoungGen      total 436736K, used 8744K [0x00000000e0000000, 0x00000000fcd80000, 0x0000000100000000)
  eden space 400896K, 0% used [0x00000000e0000000,0x00000000e0000000,0x00000000f8780000)
  from space 35840K, 24% used [0x00000000f8780000,0x00000000f900a380,0x00000000faa80000)
  to   space 33792K, 0% used [0x00000000fac80000,0x00000000fac80000,0x00000000fcd80000)
 ParOldGen       total 217088K, used 157110K [0x00000000a0000000, 0x00000000ad400000, 0x00000000e0000000)
  object space 217088K, 72% used [0x00000000a0000000,0x00000000a996d940,0x00000000ad400000)
 Metaspace       used 100963K, capacity 106802K, committed 106968K, reserved 1142784K
  class space    used 12702K, capacity 13749K, committed 13824K, reserved 1048576K
}
Event: 263.108 GC heap before
{Heap before GC invocations=42 (full 4):
 PSYoungGen      total 436736K, used 409640K [0x00000000e0000000, 0x00000000fcd80000, 0x0000000100000000)
  eden space 400896K, 100% used [0x00000000e0000000,0x00000000f8780000,0x00000000f8780000)
  from space 35840K, 24% used [0x00000000f8780000,0x00000000f900a380,0x00000000faa80000)
  to   space 33792K, 0% used [0x00000000fac80000,0x00000000fac80000,0x00000000fcd80000)
 ParOldGen       total 217088K, used 157110K [0x00000000a0000000, 0x00000000ad400000, 0x00000000e0000000)
  object space 217088K, 72% used [0x00000000a0000000,0x00000000a996d940,0x00000000ad400000)
 Metaspace       used 100977K, capacity 106810K, committed 106968K, reserved 1142784K
  class space    used 12704K, capacity 13751K, committed 13824K, reserved 1048576K
Event: 263.137 GC heap after
Heap after GC invocations=42 (full 4):
 PSYoungGen      total 434688K, used 9621K [0x00000000e0000000, 0x00000000fcd80000, 0x0000000100000000)
  eden space 400896K, 0% used [0x00000000e0000000,0x00000000e0000000,0x00000000f8780000)
  from space 33792K, 28% used [0x00000000fac80000,0x00000000fb5e55e8,0x00000000fcd80000)
  to   space 35840K, 0% used [0x00000000f8780000,0x00000000f8780000,0x00000000faa80000)
 ParOldGen       total 217088K, used 165649K [0x00000000a0000000, 0x00000000ad400000, 0x00000000e0000000)
  object space 217088K, 76% used [0x00000000a0000000,0x00000000aa1c4578,0x00000000ad400000)
 Metaspace       used 100977K, capacity 106810K, committed 106968K, reserved 1142784K
  class space    used 12704K, capacity 13751K, committed 13824K, reserved 1048576K
}
Event: 265.426 GC heap before
{Heap before GC invocations=43 (full 4):
 PSYoungGen      total 434688K, used 410517K [0x00000000e0000000, 0x00000000fcd80000, 0x0000000100000000)
  eden space 400896K, 100% used [0x00000000e0000000,0x00000000f8780000,0x00000000f8780000)
  from space 33792K, 28% used [0x00000000fac80000,0x00000000fb5e55e8,0x00000000fcd80000)
  to   space 35840K, 0% used [0x00000000f8780000,0x00000000f8780000,0x00000000faa80000)
 ParOldGen       total 217088K, used 165649K [0x00000000a0000000, 0x00000000ad400000, 0x00000000e0000000)
  object space 217088K, 76% used [0x00000000a0000000,0x00000000aa1c4578,0x00000000ad400000)
 Metaspace       used 101125K, capacity 106954K, committed 107224K, reserved 1142784K
  class space    used 12704K, capacity 13751K, committed 13824K, reserved 1048576K
Event: 265.495 GC heap after
Heap after GC invocations=43 (full 4):
 PSYoungGen      total 436736K, used 35828K [0x00000000e0000000, 0x0000000100000000, 0x0000000100000000)
  eden space 400896K, 0% used [0x00000000e0000000,0x00000000e0000000,0x00000000f8780000)
  from space 35840K, 99% used [0x00000000f8780000,0x00000000faa7d290,0x00000000faa80000)
  to   space 66048K, 0% used [0x00000000fbf80000,0x00000000fbf80000,0x0000000100000000)
 ParOldGen       total 217088K, used 198837K [0x00000000a0000000, 0x00000000ad400000, 0x00000000e0000000)
  object space 217088K, 91% used [0x00000000a0000000,0x00000000ac22d628,0x00000000ad400000)
 Metaspace       used 101125K, capacity 106954K, committed 107224K, reserved 1142784K
  class space    used 12704K, capacity 13751K, committed 13824K, reserved 1048576K
}
Event: 265.495 GC heap before
{Heap before GC invocations=44 (full 5):
 PSYoungGen      total 436736K, used 35828K [0x00000000e0000000, 0x0000000100000000, 0x0000000100000000)
  eden space 400896K, 0% used [0x00000000e0000000,0x00000000e0000000,0x00000000f8780000)
  from space 35840K, 99% used [0x00000000f8780000,0x00000000faa7d290,0x00000000faa80000)
  to   space 66048K, 0% used [0x00000000fbf80000,0x00000000fbf80000,0x0000000100000000)
 ParOldGen       total 217088K, used 198837K [0x00000000a0000000, 0x00000000ad400000, 0x00000000e0000000)
  object space 217088K, 91% used [0x00000000a0000000,0x00000000ac22d628,0x00000000ad400000)
 Metaspace       used 101125K, capacity 106954K, committed 107224K, reserved 1142784K
  class space    used 12704K, capacity 13751K, committed 13824K, reserved 1048576K
Event: 265.883 GC heap after
Heap after GC invocations=44 (full 5):
 PSYoungGen      total 436736K, used 0K [0x00000000e0000000, 0x0000000100000000, 0x0000000100000000)
  eden space 400896K, 0% used [0x00000000e0000000,0x00000000e0000000,0x00000000f8780000)
  from space 35840K, 0% used [0x00000000f8780000,0x00000000f8780000,0x00000000faa80000)
  to   space 66048K, 0% used [0x00000000fbf80000,0x00000000fbf80000,0x0000000100000000)
 ParOldGen       total 217088K, used 134947K [0x00000000a0000000, 0x00000000ad400000, 0x00000000e0000000)
  object space 217088K, 62% used [0x00000000a0000000,0x00000000a83c8d68,0x00000000ad400000)
 Metaspace       used 101117K, capacity 106942K, committed 107224K, reserved 1142784K
  class space    used 12703K, capacity 13749K, committed 13824K, reserved 1048576K
}

