# JRE version: OpenJDK Runtime Environment (8.0_202-b03) (build 1.8.0_202-release-1483-b03)
# Java VM: OpenJDK 64-Bit Server VM (25.202-b03 mixed mode windows-amd64 compressed oops)
Heap:
 PSYoungGen      total 344576K, used 80361K [0x00000000e0000000, 0x00000000fd080000, 0x0000000100000000)
  eden space 304128K, 19% used [0x00000000e0000000,0x00000000e3afab18,0x00000000f2900000)
  from space 40448K, 49% used [0x00000000f4f00000,0x00000000f627fbd8,0x00000000f7680000)
  to   space 38912K, 0% used [0x00000000f2900000,0x00000000f2900000,0x00000000f4f00000)
 ParOldGen       total 117760K, used 89215K [0x00000000a0000000, 0x00000000a7300000, 0x00000000e0000000)
  object space 117760K, 75% used [0x00000000a0000000,0x00000000a571feb8,0x00000000a7300000)
 Metaspace       used 91989K, capacity 95728K, committed 96020K, reserved 1132544K
  class space    used 11799K, capacity 12505K, committed 12604K, reserved 1048576K
GC Heap History (10 events):
Event: 3216.047 GC heap before
{Heap before GC invocations=13 (full 3):
 PSYoungGen      total 382464K, used 382441K [0x00000000e0000000, 0x00000000f9f80000, 0x0000000100000000)
  eden space 356864K, 100% used [0x00000000e0000000,0x00000000f5c80000,0x00000000f5c80000)
  from space 25600K, 99% used [0x00000000f6b80000,0x00000000f847a530,0x00000000f8480000)
  to   space 27648K, 0% used [0x00000000f8480000,0x00000000f8480000,0x00000000f9f80000)
 ParOldGen       total 117760K, used 44109K [0x00000000a0000000, 0x00000000a7300000, 0x00000000e0000000)
  object space 117760K, 37% used [0x00000000a0000000,0x00000000a2b13400,0x00000000a7300000)
 Metaspace       used 84041K, capacity 86900K, committed 87060K, reserved 1124352K
  class space    used 10912K, capacity 11523K, committed 11580K, reserved 1048576K
Event: 3216.097 GC heap after
Heap after GC invocations=13 (full 3):
 PSYoungGen      total 370176K, used 27640K [0x00000000e0000000, 0x00000000fa680000, 0x0000000100000000)
  eden space 342528K, 0% used [0x00000000e0000000,0x00000000e0000000,0x00000000f4e80000)
  from space 27648K, 99% used [0x00000000f8480000,0x00000000f9f7e320,0x00000000f9f80000)
  to   space 45056K, 0% used [0x00000000f4e80000,0x00000000f4e80000,0x00000000f7a80000)
 ParOldGen       total 117760K, used 64624K [0x00000000a0000000, 0x00000000a7300000, 0x00000000e0000000)
  object space 117760K, 54% used [0x00000000a0000000,0x00000000a3f1c1a0,0x00000000a7300000)
 Metaspace       used 84041K, capacity 86900K, committed 87060K, reserved 1124352K
  class space    used 10912K, capacity 11523K, committed 11580K, reserved 1048576K
}
Event: 4438.622 GC heap before
{Heap before GC invocations=14 (full 3):
 PSYoungGen      total 370176K, used 370168K [0x00000000e0000000, 0x00000000fa680000, 0x0000000100000000)
  eden space 342528K, 100% used [0x00000000e0000000,0x00000000f4e80000,0x00000000f4e80000)
  from space 27648K, 99% used [0x00000000f8480000,0x00000000f9f7e320,0x00000000f9f80000)
  to   space 45056K, 0% used [0x00000000f4e80000,0x00000000f4e80000,0x00000000f7a80000)
 ParOldGen       total 117760K, used 64624K [0x00000000a0000000, 0x00000000a7300000, 0x00000000e0000000)
  object space 117760K, 54% used [0x00000000a0000000,0x00000000a3f1c1a0,0x00000000a7300000)
 Metaspace       used 89598K, capacity 93104K, committed 93204K, reserved 1130496K
  class space    used 11632K, capacity 12339K, committed 12348K, reserved 1048576K
Event: 4438.657 GC heap after
Heap after GC invocations=14 (full 3):
 PSYoungGen      total 340480K, used 11400K [0x00000000e0000000, 0x00000000f9600000, 0x0000000100000000)
  eden space 328704K, 0% used [0x00000000e0000000,0x00000000e0000000,0x00000000f4100000)
  from space 11776K, 96% used [0x00000000f4e80000,0x00000000f59a2388,0x00000000f5a00000)
  to   space 43520K, 0% used [0x00000000f6b80000,0x00000000f6b80000,0x00000000f9600000)
 ParOldGen       total 117760K, used 89199K [0x00000000a0000000, 0x00000000a7300000, 0x00000000e0000000)
  object space 117760K, 75% used [0x00000000a0000000,0x00000000a571beb8,0x00000000a7300000)
 Metaspace       used 89598K, capacity 93104K, committed 93204K, reserved 1130496K
  class space    used 11632K, capacity 12339K, committed 12348K, reserved 1048576K
}
Event: 4450.842 GC heap before
{Heap before GC invocations=15 (full 3):
 PSYoungGen      total 340480K, used 340104K [0x00000000e0000000, 0x00000000f9600000, 0x0000000100000000)
  eden space 328704K, 100% used [0x00000000e0000000,0x00000000f4100000,0x00000000f4100000)
  from space 11776K, 96% used [0x00000000f4e80000,0x00000000f59a2388,0x00000000f5a00000)
  to   space 43520K, 0% used [0x00000000f6b80000,0x00000000f6b80000,0x00000000f9600000)
 ParOldGen       total 117760K, used 89199K [0x00000000a0000000, 0x00000000a7300000, 0x00000000e0000000)
  object space 117760K, 75% used [0x00000000a0000000,0x00000000a571beb8,0x00000000a7300000)
 Metaspace       used 91367K, capacity 95072K, committed 95252K, reserved 1132544K
  class space    used 11775K, capacity 12487K, committed 12604K, reserved 1048576K
Event: 4450.861 GC heap after
Heap after GC invocations=15 (full 3):
 PSYoungGen      total 341504K, used 15616K [0x00000000e0000000, 0x00000000f8500000, 0x0000000100000000)
  eden space 315392K, 0% used [0x00000000e0000000,0x00000000e0000000,0x00000000f3400000)
  from space 26112K, 59% used [0x00000000f6b80000,0x00000000f7ac00d0,0x00000000f8500000)
  to   space 41472K, 0% used [0x00000000f3400000,0x00000000f3400000,0x00000000f5c80000)
 ParOldGen       total 117760K, used 89207K [0x00000000a0000000, 0x00000000a7300000, 0x00000000e0000000)
  object space 117760K, 75% used [0x00000000a0000000,0x00000000a571deb8,0x00000000a7300000)
 Metaspace       used 91367K, capacity 95072K, committed 95252K, reserved 1132544K
  class space    used 11775K, capacity 12487K, committed 12604K, reserved 1048576K
}
Event: 4452.672 GC heap before
{Heap before GC invocations=16 (full 3):
 PSYoungGen      total 341504K, used 331008K [0x00000000e0000000, 0x00000000f8500000, 0x0000000100000000)
  eden space 315392K, 100% used [0x00000000e0000000,0x00000000f3400000,0x00000000f3400000)
  from space 26112K, 59% used [0x00000000f6b80000,0x00000000f7ac00d0,0x00000000f8500000)
  to   space 41472K, 0% used [0x00000000f3400000,0x00000000f3400000,0x00000000f5c80000)
 ParOldGen       total 117760K, used 89207K [0x00000000a0000000, 0x00000000a7300000, 0x00000000e0000000)
  object space 117760K, 75% used [0x00000000a0000000,0x00000000a571deb8,0x00000000a7300000)
 Metaspace       used 91890K, capacity 95572K, committed 95764K, reserved 1132544K
  class space    used 11797K, capacity 12501K, committed 12604K, reserved 1048576K
Event: 4452.695 GC heap after
Heap after GC invocations=16 (full 3):
 PSYoungGen      total 324096K, used 21025K [0x00000000e0000000, 0x00000000f7680000, 0x0000000100000000)
  eden space 302592K, 0% used [0x00000000e0000000,0x00000000e0000000,0x00000000f2780000)
  from space 21504K, 97% used [0x00000000f3400000,0x00000000f4888648,0x00000000f4900000)
  to   space 40448K, 0% used [0x00000000f4f00000,0x00000000f4f00000,0x00000000f7680000)
 ParOldGen       total 117760K, used 89215K [0x00000000a0000000, 0x00000000a7300000, 0x00000000e0000000)
  object space 117760K, 75% used [0x00000000a0000000,0x00000000a571feb8,0x00000000a7300000)
 Metaspace       used 91890K, capacity 95572K, committed 95764K, reserved 1132544K
  class space    used 11797K, capacity 12501K, committed 12604K, reserved 1048576K
}
Event: 4453.920 GC heap before
{Heap before GC invocations=17 (full 3):
 PSYoungGen      total 324096K, used 323617K [0x00000000e0000000, 0x00000000f7680000, 0x0000000100000000)
  eden space 302592K, 100% used [0x00000000e0000000,0x00000000f2780000,0x00000000f2780000)
  from space 21504K, 97% used [0x00000000f3400000,0x00000000f4888648,0x00000000f4900000)
  to   space 40448K, 0% used [0x00000000f4f00000,0x00000000f4f00000,0x00000000f7680000)
 ParOldGen       total 117760K, used 89215K [0x00000000a0000000, 0x00000000a7300000, 0x00000000e0000000)
  object space 117760K, 75% used [0x00000000a0000000,0x00000000a571feb8,0x00000000a7300000)
 Metaspace       used 91966K, capacity 95658K, committed 95764K, reserved 1132544K
  class space    used 11798K, capacity 12504K, committed 12604K, reserved 1048576K
Event: 4453.956 GC heap after
Heap after GC invocations=17 (full 3):
 PSYoungGen      total 344576K, used 19966K [0x00000000e0000000, 0x00000000fd080000, 0x0000000100000000)
  eden space 304128K, 0% used [0x00000000e0000000,0x00000000e0000000,0x00000000f2900000)
  from space 40448K, 49% used [0x00000000f4f00000,0x00000000f627fbd8,0x00000000f7680000)
  to   space 38912K, 0% used [0x00000000f2900000,0x00000000f2900000,0x00000000f4f00000)
 ParOldGen       total 117760K, used 89215K [0x00000000a0000000, 0x00000000a7300000, 0x00000000e0000000)
  object space 117760K, 75% used [0x00000000a0000000,0x00000000a571feb8,0x00000000a7300000)
 Metaspace       used 91966K, capacity 95658K, committed 95764K, reserved 1132544K
  class space    used 11798K, capacity 12504K, committed 12604K, reserved 1048576K
}

