# JRE version: OpenJDK Runtime Environment (8.0_202-b03) (build 1.8.0_202-release-1483-b03)
# Java VM: OpenJDK 64-Bit Server VM (25.202-b03 mixed mode windows-amd64 compressed oops)
Heap:
 PSYoungGen      total 407040K, used 122960K [0x00000000e0000000, 0x00000000fb600000, 0x0000000100000000)
  eden space 365568K, 32% used [0x00000000e0000000,0x00000000e73acbd8,0x00000000f6500000)
  from space 41472K, 10% used [0x00000000f6500000,0x00000000f6967528,0x00000000f8d80000)
  to   space 39424K, 0% used [0x00000000f8f80000,0x00000000f8f80000,0x00000000fb600000)
 ParOldGen       total 210944K, used 121862K [0x00000000a0000000, 0x00000000ace00000, 0x00000000e0000000)
  object space 210944K, 57% used [0x00000000a0000000,0x00000000a7701b38,0x00000000ace00000)
 Metaspace       used 98894K, capacity 103324K, committed 103616K, reserved 1138688K
  class space    used 12567K, capacity 13443K, committed 13568K, reserved 1048576K
GC Heap History (10 events):
Event: 325.379 GC heap before
{Heap before GC invocations=35 (full 4):
 PSYoungGen      total 404992K, used 372832K [0x00000000e0000000, 0x00000000fb600000, 0x0000000100000000)
  eden space 365568K, 100% used [0x00000000e0000000,0x00000000f6500000,0x00000000f6500000)
  from space 39424K, 18% used [0x00000000f8f80000,0x00000000f9698000,0x00000000fb600000)
  to   space 41472K, 0% used [0x00000000f6500000,0x00000000f6500000,0x00000000f8d80000)
 ParOldGen       total 210944K, used 102933K [0x00000000a0000000, 0x00000000ace00000, 0x00000000e0000000)
  object space 210944K, 48% used [0x00000000a0000000,0x00000000a6485618,0x00000000ace00000)
 Metaspace       used 98829K, capacity 103306K, committed 103616K, reserved 1138688K
  class space    used 12564K, capacity 13442K, committed 13568K, reserved 1048576K
Event: 325.405 GC heap after
Heap after GC invocations=35 (full 4):
 PSYoungGen      total 407040K, used 10927K [0x00000000e0000000, 0x00000000fb600000, 0x0000000100000000)
  eden space 365568K, 0% used [0x00000000e0000000,0x00000000e0000000,0x00000000f6500000)
  from space 41472K, 26% used [0x00000000f6500000,0x00000000f6fabd98,0x00000000f8d80000)
  to   space 39424K, 0% used [0x00000000f8f80000,0x00000000f8f80000,0x00000000fb600000)
 ParOldGen       total 210944K, used 107485K [0x00000000a0000000, 0x00000000ace00000, 0x00000000e0000000)
  object space 210944K, 50% used [0x00000000a0000000,0x00000000a68f7448,0x00000000ace00000)
 Metaspace       used 98829K, capacity 103306K, committed 103616K, reserved 1138688K
  class space    used 12564K, capacity 13442K, committed 13568K, reserved 1048576K
}
Event: 327.255 GC heap before
{Heap before GC invocations=36 (full 4):
 PSYoungGen      total 407040K, used 376495K [0x00000000e0000000, 0x00000000fb600000, 0x0000000100000000)
  eden space 365568K, 100% used [0x00000000e0000000,0x00000000f6500000,0x00000000f6500000)
  from space 41472K, 26% used [0x00000000f6500000,0x00000000f6fabd98,0x00000000f8d80000)
  to   space 39424K, 0% used [0x00000000f8f80000,0x00000000f8f80000,0x00000000fb600000)
 ParOldGen       total 210944K, used 107485K [0x00000000a0000000, 0x00000000ace00000, 0x00000000e0000000)
  object space 210944K, 50% used [0x00000000a0000000,0x00000000a68f7448,0x00000000ace00000)
 Metaspace       used 98840K, capacity 103310K, committed 103616K, reserved 1138688K
  class space    used 12564K, capacity 13442K, committed 13568K, reserved 1048576K
Event: 327.275 GC heap after
Heap after GC invocations=36 (full 4):
 PSYoungGen      total 404992K, used 2432K [0x00000000e0000000, 0x00000000fb600000, 0x0000000100000000)
  eden space 365568K, 0% used [0x00000000e0000000,0x00000000e0000000,0x00000000f6500000)
  from space 39424K, 6% used [0x00000000f8f80000,0x00000000f91e0020,0x00000000fb600000)
  to   space 41472K, 0% used [0x00000000f6500000,0x00000000f6500000,0x00000000f8d80000)
 ParOldGen       total 210944K, used 116946K [0x00000000a0000000, 0x00000000ace00000, 0x00000000e0000000)
  object space 210944K, 55% used [0x00000000a0000000,0x00000000a7234860,0x00000000ace00000)
 Metaspace       used 98840K, capacity 103310K, committed 103616K, reserved 1138688K
  class space    used 12564K, capacity 13442K, committed 13568K, reserved 1048576K
}
Event: 329.352 GC heap before
{Heap before GC invocations=37 (full 4):
 PSYoungGen      total 404992K, used 368000K [0x00000000e0000000, 0x00000000fb600000, 0x0000000100000000)
  eden space 365568K, 100% used [0x00000000e0000000,0x00000000f6500000,0x00000000f6500000)
  from space 39424K, 6% used [0x00000000f8f80000,0x00000000f91e0020,0x00000000fb600000)
  to   space 41472K, 0% used [0x00000000f6500000,0x00000000f6500000,0x00000000f8d80000)
 ParOldGen       total 210944K, used 116946K [0x00000000a0000000, 0x00000000ace00000, 0x00000000e0000000)
  object space 210944K, 55% used [0x00000000a0000000,0x00000000a7234860,0x00000000ace00000)
 Metaspace       used 98860K, capacity 103314K, committed 103616K, reserved 1138688K
  class space    used 12566K, capacity 13442K, committed 13568K, reserved 1048576K
Event: 329.365 GC heap after
Heap after GC invocations=37 (full 4):
 PSYoungGen      total 407040K, used 5587K [0x00000000e0000000, 0x00000000fb600000, 0x0000000100000000)
  eden space 365568K, 0% used [0x00000000e0000000,0x00000000e0000000,0x00000000f6500000)
  from space 41472K, 13% used [0x00000000f6500000,0x00000000f6a74c98,0x00000000f8d80000)
  to   space 39424K, 0% used [0x00000000f8f80000,0x00000000f8f80000,0x00000000fb600000)
 ParOldGen       total 210944K, used 118170K [0x00000000a0000000, 0x00000000ace00000, 0x00000000e0000000)
  object space 210944K, 56% used [0x00000000a0000000,0x00000000a73668a0,0x00000000ace00000)
 Metaspace       used 98860K, capacity 103314K, committed 103616K, reserved 1138688K
  class space    used 12566K, capacity 13442K, committed 13568K, reserved 1048576K
}
Event: 330.889 GC heap before
{Heap before GC invocations=38 (full 4):
 PSYoungGen      total 407040K, used 371155K [0x00000000e0000000, 0x00000000fb600000, 0x0000000100000000)
  eden space 365568K, 100% used [0x00000000e0000000,0x00000000f6500000,0x00000000f6500000)
  from space 41472K, 13% used [0x00000000f6500000,0x00000000f6a74c98,0x00000000f8d80000)
  to   space 39424K, 0% used [0x00000000f8f80000,0x00000000f8f80000,0x00000000fb600000)
 ParOldGen       total 210944K, used 118170K [0x00000000a0000000, 0x00000000ace00000, 0x00000000e0000000)
  object space 210944K, 56% used [0x00000000a0000000,0x00000000a73668a0,0x00000000ace00000)
 Metaspace       used 98874K, capacity 103314K, committed 103616K, reserved 1138688K
  class space    used 12566K, capacity 13442K, committed 13568K, reserved 1048576K
Event: 330.899 GC heap after
Heap after GC invocations=38 (full 4):
 PSYoungGen      total 404992K, used 4755K [0x00000000e0000000, 0x00000000fb600000, 0x0000000100000000)
  eden space 365568K, 0% used [0x00000000e0000000,0x00000000e0000000,0x00000000f6500000)
  from space 39424K, 12% used [0x00000000f8f80000,0x00000000f9424ea0,0x00000000fb600000)
  to   space 41472K, 0% used [0x00000000f6500000,0x00000000f6500000,0x00000000f8d80000)
 ParOldGen       total 210944K, used 121116K [0x00000000a0000000, 0x00000000ace00000, 0x00000000e0000000)
  object space 210944K, 57% used [0x00000000a0000000,0x00000000a7647268,0x00000000ace00000)
 Metaspace       used 98874K, capacity 103314K, committed 103616K, reserved 1138688K
  class space    used 12566K, capacity 13442K, committed 13568K, reserved 1048576K
}
Event: 332.718 GC heap before
{Heap before GC invocations=39 (full 4):
 PSYoungGen      total 404992K, used 370323K [0x00000000e0000000, 0x00000000fb600000, 0x0000000100000000)
  eden space 365568K, 100% used [0x00000000e0000000,0x00000000f6500000,0x00000000f6500000)
  from space 39424K, 12% used [0x00000000f8f80000,0x00000000f9424ea0,0x00000000fb600000)
  to   space 41472K, 0% used [0x00000000f6500000,0x00000000f6500000,0x00000000f8d80000)
 ParOldGen       total 210944K, used 121116K [0x00000000a0000000, 0x00000000ace00000, 0x00000000e0000000)
  object space 210944K, 57% used [0x00000000a0000000,0x00000000a7647268,0x00000000ace00000)
 Metaspace       used 98892K, capacity 103324K, committed 103616K, reserved 1138688K
  class space    used 12567K, capacity 13443K, committed 13568K, reserved 1048576K
Event: 332.727 GC heap after
Heap after GC invocations=39 (full 4):
 PSYoungGen      total 407040K, used 4509K [0x00000000e0000000, 0x00000000fb600000, 0x0000000100000000)
  eden space 365568K, 0% used [0x00000000e0000000,0x00000000e0000000,0x00000000f6500000)
  from space 41472K, 10% used [0x00000000f6500000,0x00000000f6967528,0x00000000f8d80000)
  to   space 39424K, 0% used [0x00000000f8f80000,0x00000000f8f80000,0x00000000fb600000)
 ParOldGen       total 210944K, used 121862K [0x00000000a0000000, 0x00000000ace00000, 0x00000000e0000000)
  object space 210944K, 57% used [0x00000000a0000000,0x00000000a7701b38,0x00000000ace00000)
 Metaspace       used 98892K, capacity 103324K, committed 103616K, reserved 1138688K
  class space    used 12567K, capacity 13443K, committed 13568K, reserved 1048576K
}

